{"C:\\Users\\DANIEL\\Documents\\Curso_de_Udemy\\Curso_Juan_express_vite_nextjs\\cashtrackr\\backend\\src\\config\\nodemailer.ts": {"path":"C:\\Users\\DANIEL\\Documents\\Curso_de_Udemy\\Curso_Juan_express_vite_nextjs\\cashtrackr\\backend\\src\\config\\nodemailer.ts","statementMap":{"0":{"start":{"line":1,"column":0},"end":{"line":1,"column":36}},"1":{"start":{"line":2,"column":0},"end":{"line":2,"column":28}},"2":{"start":{"line":3,"column":0},"end":{"line":3,"column":16}},"3":{"start":{"line":15,"column":15},"end":{"line":24,"column":1}},"4":{"start":{"line":16,"column":6},"end":{"line":23,"column":null}},"5":{"start":{"line":26,"column":13},"end":{"line":26,"column":62}}},"fnMap":{"0":{"name":"(anonymous_1)","decl":{"start":{"line":15,"column":15},"end":{"line":15,"column":34}},"loc":{"start":{"line":15,"column":36},"end":{"line":24,"column":1}}}},"branchMap":{},"s":{"0":1,"1":1,"2":1,"3":1,"4":1,"5":1},"f":{"0":1},"b":{}}
,"C:\\Users\\DANIEL\\Documents\\Curso_de_Udemy\\Curso_Juan_express_vite_nextjs\\cashtrackr\\backend\\src\\controllers\\AuthController.ts": {"path":"C:\\Users\\DANIEL\\Documents\\Curso_de_Udemy\\Curso_Juan_express_vite_nextjs\\cashtrackr\\backend\\src\\controllers\\AuthController.ts","statementMap":{"0":{"start":{"line":2,"column":0},"end":{"line":2,"column":44}},"1":{"start":{"line":3,"column":0},"end":{"line":3,"column":60}},"2":{"start":{"line":4,"column":0},"end":{"line":4,"column":47}},"3":{"start":{"line":5,"column":0},"end":{"line":5,"column":47}},"4":{"start":{"line":6,"column":0},"end":{"line":6,"column":43}},"5":{"start":{"line":10,"column":29},"end":{"line":42,"column":7}},"6":{"start":{"line":11,"column":40},"end":{"line":11,"column":48}},"7":{"start":{"line":15,"column":31},"end":{"line":15,"column":76}},"8":{"start":{"line":17,"column":12},"end":{"line":21,"column":13}},"9":{"start":{"line":18,"column":32},"end":{"line":18,"column":88}},"10":{"start":{"line":19,"column":18},"end":{"line":19,"column":65}},"11":{"start":{"line":20,"column":18},"end":{"line":20,"column":24}},"12":{"start":{"line":22,"column":12},"end":{"line":40,"column":13}},"13":{"start":{"line":24,"column":31},"end":{"line":24,"column":63}},"14":{"start":{"line":25,"column":18},"end":{"line":25,"column":63}},"15":{"start":{"line":26,"column":18},"end":{"line":26,"column":47}},"16":{"start":{"line":27,"column":18},"end":{"line":27,"column":36}},"17":{"start":{"line":29,"column":18},"end":{"line":33,"column":null}},"18":{"start":{"line":35,"column":18},"end":{"line":35,"column":70}},"19":{"start":{"line":39,"column":18},"end":{"line":39,"column":67}},"20":{"start":{"line":44,"column":30},"end":{"line":59,"column":7}},"21":{"start":{"line":46,"column":30},"end":{"line":46,"column":38}},"22":{"start":{"line":48,"column":25},"end":{"line":48,"column":70}},"23":{"start":{"line":49,"column":12},"end":{"line":53,"column":13}},"24":{"start":{"line":50,"column":32},"end":{"line":50,"column":60}},"25":{"start":{"line":51,"column":18},"end":{"line":51,"column":65}},"26":{"start":{"line":52,"column":18},"end":{"line":52,"column":25}},"27":{"start":{"line":54,"column":12},"end":{"line":54,"column":34}},"28":{"start":{"line":55,"column":12},"end":{"line":55,"column":30}},"29":{"start":{"line":56,"column":12},"end":{"line":56,"column":30}},"30":{"start":{"line":58,"column":12},"end":{"line":58,"column":56}},"31":{"start":{"line":61,"column":21},"end":{"line":98,"column":7}},"32":{"start":{"line":63,"column":40},"end":{"line":63,"column":48}},"33":{"start":{"line":65,"column":25},"end":{"line":65,"column":70}},"34":{"start":{"line":69,"column":12},"end":{"line":73,"column":13}},"35":{"start":{"line":70,"column":32},"end":{"line":70,"column":66}},"36":{"start":{"line":71,"column":18},"end":{"line":71,"column":65}},"37":{"start":{"line":72,"column":18},"end":{"line":72,"column":24}},"38":{"start":{"line":77,"column":12},"end":{"line":81,"column":13}},"39":{"start":{"line":78,"column":32},"end":{"line":78,"column":76}},"40":{"start":{"line":79,"column":18},"end":{"line":79,"column":65}},"41":{"start":{"line":80,"column":18},"end":{"line":80,"column":24}},"42":{"start":{"line":85,"column":38},"end":{"line":85,"column":82}},"43":{"start":{"line":87,"column":12},"end":{"line":91,"column":13}},"44":{"start":{"line":88,"column":32},"end":{"line":88,"column":64}},"45":{"start":{"line":89,"column":18},"end":{"line":89,"column":65}},"46":{"start":{"line":90,"column":18},"end":{"line":90,"column":24}},"47":{"start":{"line":95,"column":26},"end":{"line":95,"column":46}},"48":{"start":{"line":97,"column":12},"end":{"line":97,"column":28}},"49":{"start":{"line":100,"column":30},"end":{"line":122,"column":7}},"50":{"start":{"line":101,"column":30},"end":{"line":101,"column":38}},"51":{"start":{"line":103,"column":25},"end":{"line":103,"column":70}},"52":{"start":{"line":107,"column":12},"end":{"line":111,"column":13}},"53":{"start":{"line":108,"column":32},"end":{"line":108,"column":66}},"54":{"start":{"line":109,"column":18},"end":{"line":109,"column":65}},"55":{"start":{"line":110,"column":18},"end":{"line":110,"column":24}},"56":{"start":{"line":112,"column":12},"end":{"line":112,"column":41}},"57":{"start":{"line":113,"column":12},"end":{"line":113,"column":30}},"58":{"start":{"line":115,"column":12},"end":{"line":119,"column":15}},"59":{"start":{"line":121,"column":12},"end":{"line":121,"column":58}},"60":{"start":{"line":124,"column":29},"end":{"line":135,"column":7}},"61":{"start":{"line":125,"column":30},"end":{"line":125,"column":38}},"62":{"start":{"line":127,"column":31},"end":{"line":127,"column":76}},"63":{"start":{"line":128,"column":12},"end":{"line":132,"column":13}},"64":{"start":{"line":129,"column":32},"end":{"line":129,"column":60}},"65":{"start":{"line":130,"column":18},"end":{"line":130,"column":65}},"66":{"start":{"line":131,"column":18},"end":{"line":131,"column":25}},"67":{"start":{"line":134,"column":12},"end":{"line":134,"column":40}},"68":{"start":{"line":137,"column":38},"end":{"line":155,"column":7}},"69":{"start":{"line":138,"column":30},"end":{"line":138,"column":40}},"70":{"start":{"line":139,"column":33},"end":{"line":139,"column":41}},"71":{"start":{"line":141,"column":25},"end":{"line":141,"column":70}},"72":{"start":{"line":142,"column":12},"end":{"line":146,"column":13}},"73":{"start":{"line":143,"column":32},"end":{"line":143,"column":60}},"74":{"start":{"line":144,"column":18},"end":{"line":144,"column":65}},"75":{"start":{"line":145,"column":18},"end":{"line":145,"column":25}},"76":{"start":{"line":150,"column":12},"end":{"line":150,"column":57}},"77":{"start":{"line":151,"column":12},"end":{"line":151,"column":30}},"78":{"start":{"line":152,"column":12},"end":{"line":152,"column":30}},"79":{"start":{"line":154,"column":12},"end":{"line":154,"column":61}},"80":{"start":{"line":157,"column":20},"end":{"line":160,"column":7}},"81":{"start":{"line":159,"column":12},"end":{"line":159,"column":31}},"82":{"start":{"line":162,"column":41},"end":{"line":181,"column":7}},"83":{"start":{"line":163,"column":51},"end":{"line":163,"column":59}},"84":{"start":{"line":164,"column":27},"end":{"line":164,"column":35}},"85":{"start":{"line":166,"column":25},"end":{"line":166,"column":53}},"86":{"start":{"line":168,"column":38},"end":{"line":168,"column":90}},"87":{"start":{"line":170,"column":12},"end":{"line":174,"column":13}},"88":{"start":{"line":171,"column":32},"end":{"line":171,"column":77}},"89":{"start":{"line":172,"column":18},"end":{"line":172,"column":65}},"90":{"start":{"line":173,"column":18},"end":{"line":173,"column":25}},"91":{"start":{"line":176,"column":12},"end":{"line":176,"column":57}},"92":{"start":{"line":177,"column":12},"end":{"line":177,"column":30}},"93":{"start":{"line":179,"column":12},"end":{"line":179,"column":62}},"94":{"start":{"line":183,"column":29},"end":{"line":200,"column":7}},"95":{"start":{"line":184,"column":33},"end":{"line":184,"column":41}},"96":{"start":{"line":185,"column":27},"end":{"line":185,"column":35}},"97":{"start":{"line":187,"column":25},"end":{"line":187,"column":53}},"98":{"start":{"line":189,"column":38},"end":{"line":189,"column":82}},"99":{"start":{"line":191,"column":12},"end":{"line":195,"column":13}},"100":{"start":{"line":192,"column":32},"end":{"line":192,"column":77}},"101":{"start":{"line":193,"column":18},"end":{"line":193,"column":65}},"102":{"start":{"line":194,"column":18},"end":{"line":194,"column":25}},"103":{"start":{"line":198,"column":12},"end":{"line":198,"column":41}},"104":{"start":{"line":9,"column":0},"end":{"line":9,"column":13}}},"fnMap":{"0":{"name":"(anonymous_1)","decl":{"start":{"line":10,"column":29},"end":{"line":10,"column":34}},"loc":{"start":{"line":10,"column":67},"end":{"line":42,"column":7}}},"1":{"name":"(anonymous_2)","decl":{"start":{"line":44,"column":30},"end":{"line":44,"column":35}},"loc":{"start":{"line":44,"column":68},"end":{"line":59,"column":7}}},"2":{"name":"(anonymous_3)","decl":{"start":{"line":61,"column":21},"end":{"line":61,"column":26}},"loc":{"start":{"line":61,"column":59},"end":{"line":98,"column":7}}},"3":{"name":"(anonymous_4)","decl":{"start":{"line":100,"column":30},"end":{"line":100,"column":35}},"loc":{"start":{"line":100,"column":68},"end":{"line":122,"column":7}}},"4":{"name":"(anonymous_5)","decl":{"start":{"line":124,"column":29},"end":{"line":124,"column":34}},"loc":{"start":{"line":124,"column":67},"end":{"line":135,"column":7}}},"5":{"name":"(anonymous_6)","decl":{"start":{"line":137,"column":38},"end":{"line":137,"column":43}},"loc":{"start":{"line":137,"column":76},"end":{"line":155,"column":7}}},"6":{"name":"(anonymous_7)","decl":{"start":{"line":157,"column":20},"end":{"line":157,"column":25}},"loc":{"start":{"line":157,"column":58},"end":{"line":160,"column":7}}},"7":{"name":"(anonymous_8)","decl":{"start":{"line":162,"column":41},"end":{"line":162,"column":46}},"loc":{"start":{"line":162,"column":79},"end":{"line":181,"column":7}}},"8":{"name":"(anonymous_9)","decl":{"start":{"line":183,"column":29},"end":{"line":183,"column":34}},"loc":{"start":{"line":183,"column":67},"end":{"line":200,"column":7}}}},"branchMap":{"0":{"loc":{"start":{"line":17,"column":12},"end":{"line":21,"column":13}},"type":"if","locations":[{"start":{"line":17,"column":12},"end":{"line":21,"column":13}}]},"1":{"loc":{"start":{"line":49,"column":12},"end":{"line":53,"column":13}},"type":"if","locations":[{"start":{"line":49,"column":12},"end":{"line":53,"column":13}}]},"2":{"loc":{"start":{"line":69,"column":12},"end":{"line":73,"column":13}},"type":"if","locations":[{"start":{"line":69,"column":12},"end":{"line":73,"column":13}}]},"3":{"loc":{"start":{"line":77,"column":12},"end":{"line":81,"column":13}},"type":"if","locations":[{"start":{"line":77,"column":12},"end":{"line":81,"column":13}}]},"4":{"loc":{"start":{"line":87,"column":12},"end":{"line":91,"column":13}},"type":"if","locations":[{"start":{"line":87,"column":12},"end":{"line":91,"column":13}}]},"5":{"loc":{"start":{"line":107,"column":12},"end":{"line":111,"column":13}},"type":"if","locations":[{"start":{"line":107,"column":12},"end":{"line":111,"column":13}}]},"6":{"loc":{"start":{"line":128,"column":12},"end":{"line":132,"column":13}},"type":"if","locations":[{"start":{"line":128,"column":12},"end":{"line":132,"column":13}}]},"7":{"loc":{"start":{"line":142,"column":12},"end":{"line":146,"column":13}},"type":"if","locations":[{"start":{"line":142,"column":12},"end":{"line":146,"column":13}}]},"8":{"loc":{"start":{"line":170,"column":12},"end":{"line":174,"column":13}},"type":"if","locations":[{"start":{"line":170,"column":12},"end":{"line":174,"column":13}}]},"9":{"loc":{"start":{"line":191,"column":12},"end":{"line":195,"column":13}},"type":"if","locations":[{"start":{"line":191,"column":12},"end":{"line":195,"column":13}}]}},"s":{"0":1,"1":1,"2":1,"3":1,"4":1,"5":1,"6":2,"7":2,"8":2,"9":1,"10":1,"11":1,"12":1,"13":1,"14":1,"15":1,"16":1,"17":1,"18":1,"19":0,"20":1,"21":0,"22":0,"23":0,"24":0,"25":0,"26":0,"27":0,"28":0,"29":0,"30":0,"31":1,"32":4,"33":4,"34":4,"35":1,"36":1,"37":1,"38":3,"39":1,"40":1,"41":1,"42":2,"43":2,"44":1,"45":1,"46":1,"47":1,"48":1,"49":1,"50":0,"51":0,"52":0,"53":0,"54":0,"55":0,"56":0,"57":0,"58":0,"59":0,"60":1,"61":0,"62":0,"63":0,"64":0,"65":0,"66":0,"67":0,"68":1,"69":0,"70":0,"71":0,"72":0,"73":0,"74":0,"75":0,"76":0,"77":0,"78":0,"79":0,"80":1,"81":0,"82":1,"83":0,"84":0,"85":0,"86":0,"87":0,"88":0,"89":0,"90":0,"91":0,"92":0,"93":0,"94":1,"95":0,"96":0,"97":0,"98":0,"99":0,"100":0,"101":0,"102":0,"103":0,"104":1},"f":{"0":2,"1":0,"2":4,"3":0,"4":0,"5":0,"6":0,"7":0,"8":0},"b":{"0":[1],"1":[0],"2":[1],"3":[1],"4":[1],"5":[0],"6":[0],"7":[0],"8":[0],"9":[0]}}
,"C:\\Users\\DANIEL\\Documents\\Curso_de_Udemy\\Curso_Juan_express_vite_nextjs\\cashtrackr\\backend\\src\\controllers\\BudgetController.ts": {"path":"C:\\Users\\DANIEL\\Documents\\Curso_de_Udemy\\Curso_Juan_express_vite_nextjs\\cashtrackr\\backend\\src\\controllers\\BudgetController.ts","statementMap":{"0":{"start":{"line":2,"column":0},"end":{"line":2,"column":48}},"1":{"start":{"line":3,"column":0},"end":{"line":3,"column":50}},"2":{"start":{"line":6,"column":22},"end":{"line":24,"column":7}},"3":{"start":{"line":8,"column":12},"end":{"line":23,"column":13}},"4":{"start":{"line":9,"column":34},"end":{"line":16,"column":20}},"5":{"start":{"line":18,"column":18},"end":{"line":18,"column":36}},"6":{"start":{"line":22,"column":18},"end":{"line":22,"column":67}},"7":{"start":{"line":26,"column":22},"end":{"line":39,"column":7}},"8":{"start":{"line":27,"column":12},"end":{"line":38,"column":13}},"9":{"start":{"line":29,"column":33},"end":{"line":29,"column":67}},"10":{"start":{"line":30,"column":18},"end":{"line":30,"column":46}},"11":{"start":{"line":31,"column":18},"end":{"line":31,"column":38}},"12":{"start":{"line":32,"column":18},"end":{"line":32,"column":75}},"13":{"start":{"line":33,"column":18},"end":{"line":33,"column":25}},"14":{"start":{"line":36,"column":18},"end":{"line":36,"column":67}},"15":{"start":{"line":37,"column":18},"end":{"line":37,"column":25}},"16":{"start":{"line":41,"column":23},"end":{"line":47,"column":7}},"17":{"start":{"line":42,"column":27},"end":{"line":44,"column":14}},"18":{"start":{"line":46,"column":12},"end":{"line":46,"column":29}},"19":{"start":{"line":49,"column":26},"end":{"line":54,"column":7}},"20":{"start":{"line":51,"column":12},"end":{"line":51,"column":46}},"21":{"start":{"line":52,"column":12},"end":{"line":52,"column":62}},"22":{"start":{"line":53,"column":12},"end":{"line":53,"column":19}},"23":{"start":{"line":56,"column":26},"end":{"line":60,"column":7}},"24":{"start":{"line":57,"column":12},"end":{"line":57,"column":39}},"25":{"start":{"line":58,"column":12},"end":{"line":58,"column":60}},"26":{"start":{"line":59,"column":12},"end":{"line":59,"column":19}},"27":{"start":{"line":5,"column":0},"end":{"line":5,"column":13}}},"fnMap":{"0":{"name":"(anonymous_1)","decl":{"start":{"line":6,"column":22},"end":{"line":6,"column":27}},"loc":{"start":{"line":6,"column":60},"end":{"line":24,"column":7}}},"1":{"name":"(anonymous_2)","decl":{"start":{"line":26,"column":22},"end":{"line":26,"column":27}},"loc":{"start":{"line":26,"column":60},"end":{"line":39,"column":7}}},"2":{"name":"(anonymous_3)","decl":{"start":{"line":41,"column":23},"end":{"line":41,"column":28}},"loc":{"start":{"line":41,"column":61},"end":{"line":47,"column":7}}},"3":{"name":"(anonymous_4)","decl":{"start":{"line":49,"column":26},"end":{"line":49,"column":31}},"loc":{"start":{"line":49,"column":64},"end":{"line":54,"column":7}}},"4":{"name":"(anonymous_5)","decl":{"start":{"line":56,"column":26},"end":{"line":56,"column":31}},"loc":{"start":{"line":56,"column":64},"end":{"line":60,"column":7}}}},"branchMap":{},"s":{"0":1,"1":1,"2":1,"3":4,"4":4,"5":3,"6":1,"7":1,"8":2,"9":2,"10":1,"11":1,"12":1,"13":1,"14":1,"15":1,"16":1,"17":3,"18":3,"19":1,"20":1,"21":1,"22":1,"23":1,"24":1,"25":1,"26":1,"27":1},"f":{"0":4,"1":2,"2":3,"3":1,"4":1},"b":{}}
,"C:\\Users\\DANIEL\\Documents\\Curso_de_Udemy\\Curso_Juan_express_vite_nextjs\\cashtrackr\\backend\\src\\controllers\\ExpenseController.ts": {"path":"C:\\Users\\DANIEL\\Documents\\Curso_de_Udemy\\Curso_Juan_express_vite_nextjs\\cashtrackr\\backend\\src\\controllers\\ExpenseController.ts","statementMap":{"0":{"start":{"line":2,"column":0},"end":{"line":2,"column":50}},"1":{"start":{"line":6,"column":22},"end":{"line":19,"column":7}},"2":{"start":{"line":9,"column":12},"end":{"line":18,"column":13}},"3":{"start":{"line":11,"column":34},"end":{"line":11,"column":69}},"4":{"start":{"line":12,"column":18},"end":{"line":12,"column":51}},"5":{"start":{"line":13,"column":18},"end":{"line":13,"column":39}},"6":{"start":{"line":14,"column":18},"end":{"line":14,"column":71}},"7":{"start":{"line":17,"column":18},"end":{"line":17,"column":67}},"8":{"start":{"line":21,"column":23},"end":{"line":23,"column":7}},"9":{"start":{"line":22,"column":12},"end":{"line":22,"column":34}},"10":{"start":{"line":25,"column":26},"end":{"line":28,"column":7}},"11":{"start":{"line":26,"column":12},"end":{"line":26,"column":47}},"12":{"start":{"line":27,"column":12},"end":{"line":27,"column":51}},"13":{"start":{"line":30,"column":26},"end":{"line":33,"column":7}},"14":{"start":{"line":31,"column":12},"end":{"line":31,"column":40}},"15":{"start":{"line":32,"column":12},"end":{"line":32,"column":40}},"16":{"start":{"line":4,"column":0},"end":{"line":4,"column":13}}},"fnMap":{"0":{"name":"(anonymous_1)","decl":{"start":{"line":6,"column":22},"end":{"line":6,"column":27}},"loc":{"start":{"line":6,"column":60},"end":{"line":19,"column":7}}},"1":{"name":"(anonymous_2)","decl":{"start":{"line":21,"column":23},"end":{"line":21,"column":28}},"loc":{"start":{"line":21,"column":61},"end":{"line":23,"column":7}}},"2":{"name":"(anonymous_3)","decl":{"start":{"line":25,"column":26},"end":{"line":25,"column":31}},"loc":{"start":{"line":25,"column":64},"end":{"line":28,"column":7}}},"3":{"name":"(anonymous_4)","decl":{"start":{"line":30,"column":26},"end":{"line":30,"column":31}},"loc":{"start":{"line":30,"column":64},"end":{"line":33,"column":7}}}},"branchMap":{},"s":{"0":1,"1":1,"2":2,"3":2,"4":1,"5":1,"6":1,"7":1,"8":1,"9":1,"10":1,"11":1,"12":1,"13":1,"14":1,"15":1,"16":1},"f":{"0":2,"1":1,"2":1,"3":1},"b":{}}
,"C:\\Users\\DANIEL\\Documents\\Curso_de_Udemy\\Curso_Juan_express_vite_nextjs\\cashtrackr\\backend\\src\\email\\AuthEmail.ts": {"path":"C:\\Users\\DANIEL\\Documents\\Curso_de_Udemy\\Curso_Juan_express_vite_nextjs\\cashtrackr\\backend\\src\\email\\AuthEmail.ts","statementMap":{"0":{"start":{"line":1,"column":0},"end":{"line":1,"column":49}},"1":{"start":{"line":10,"column":37},"end":{"line":24,"column":7}},"2":{"start":{"line":12,"column":26},"end":{"line":22,"column":14}},"3":{"start":{"line":23,"column":12},"end":{"line":23,"column":61}},"4":{"start":{"line":26,"column":38},"end":{"line":40,"column":7}},"5":{"start":{"line":28,"column":26},"end":{"line":38,"column":14}},"6":{"start":{"line":39,"column":12},"end":{"line":39,"column":61}},"7":{"start":{"line":9,"column":0},"end":{"line":9,"column":13}}},"fnMap":{"0":{"name":"(anonymous_0)","decl":{"start":{"line":10,"column":37},"end":{"line":10,"column":42}},"loc":{"start":{"line":10,"column":63},"end":{"line":24,"column":7}}},"1":{"name":"(anonymous_1)","decl":{"start":{"line":26,"column":38},"end":{"line":26,"column":43}},"loc":{"start":{"line":26,"column":64},"end":{"line":40,"column":7}}}},"branchMap":{},"s":{"0":1,"1":1,"2":0,"3":0,"4":1,"5":0,"6":0,"7":1},"f":{"0":0,"1":0},"b":{}}
,"C:\\Users\\DANIEL\\Documents\\Curso_de_Udemy\\Curso_Juan_express_vite_nextjs\\cashtrackr\\backend\\src\\middleware\\budget.ts": {"path":"C:\\Users\\DANIEL\\Documents\\Curso_de_Udemy\\Curso_Juan_express_vite_nextjs\\cashtrackr\\backend\\src\\middleware\\budget.ts","statementMap":{"0":{"start":{"line":2,"column":0},"end":{"line":2,"column":66}},"1":{"start":{"line":3,"column":0},"end":{"line":3,"column":48}},"2":{"start":{"line":13,"column":32},"end":{"line":27,"column":1}},"3":{"start":{"line":14,"column":6},"end":{"line":18,"column":22}},"4":{"start":{"line":17,"column":29},"end":{"line":17,"column":38}},"5":{"start":{"line":20,"column":19},"end":{"line":20,"column":40}},"6":{"start":{"line":21,"column":6},"end":{"line":24,"column":7}},"7":{"start":{"line":22,"column":12},"end":{"line":22,"column":null}},"8":{"start":{"line":23,"column":12},"end":{"line":23,"column":19}},"9":{"start":{"line":26,"column":6},"end":{"line":26,"column":13}},"10":{"start":{"line":13,"column":13},"end":{"line":13,"column":32}},"11":{"start":{"line":29,"column":35},"end":{"line":51,"column":1}},"12":{"start":{"line":30,"column":6},"end":{"line":48,"column":7}},"13":{"start":{"line":31,"column":33},"end":{"line":31,"column":43}},"14":{"start":{"line":32,"column":27},"end":{"line":32,"column":63}},"15":{"start":{"line":34,"column":12},"end":{"line":38,"column":13}},"16":{"start":{"line":35,"column":32},"end":{"line":35,"column":70}},"17":{"start":{"line":36,"column":18},"end":{"line":36,"column":65}},"18":{"start":{"line":37,"column":18},"end":{"line":37,"column":25}},"19":{"start":{"line":40,"column":12},"end":{"line":40,"column":32}},"20":{"start":{"line":42,"column":12},"end":{"line":42,"column":19}},"21":{"start":{"line":46,"column":12},"end":{"line":46,"column":61}},"22":{"start":{"line":47,"column":12},"end":{"line":47,"column":19}},"23":{"start":{"line":29,"column":13},"end":{"line":29,"column":35}},"24":{"start":{"line":53,"column":35},"end":{"line":62,"column":1}},"25":{"start":{"line":54,"column":6},"end":{"line":55,"column":92}},"26":{"start":{"line":56,"column":6},"end":{"line":59,"column":99}},"27":{"start":{"line":59,"column":29},"end":{"line":59,"column":38}},"28":{"start":{"line":61,"column":6},"end":{"line":61,"column":13}},"29":{"start":{"line":53,"column":13},"end":{"line":53,"column":35}},"30":{"start":{"line":64,"column":25},"end":{"line":77,"column":1}},"31":{"start":{"line":70,"column":6},"end":{"line":74,"column":7}},"32":{"start":{"line":71,"column":26},"end":{"line":71,"column":55}},"33":{"start":{"line":72,"column":12},"end":{"line":72,"column":59}},"34":{"start":{"line":73,"column":12},"end":{"line":73,"column":19}},"35":{"start":{"line":76,"column":6},"end":{"line":76,"column":13}},"36":{"start":{"line":64,"column":13},"end":{"line":64,"column":25}}},"fnMap":{"0":{"name":"(anonymous_1)","decl":{"start":{"line":13,"column":32},"end":{"line":13,"column":37}},"loc":{"start":{"line":13,"column":90},"end":{"line":27,"column":1}}},"1":{"name":"(anonymous_2)","decl":{"start":{"line":17,"column":20},"end":{"line":17,"column":25}},"loc":{"start":{"line":17,"column":29},"end":{"line":17,"column":38}}},"2":{"name":"(anonymous_3)","decl":{"start":{"line":29,"column":35},"end":{"line":29,"column":40}},"loc":{"start":{"line":29,"column":93},"end":{"line":51,"column":1}}},"3":{"name":"(anonymous_4)","decl":{"start":{"line":53,"column":35},"end":{"line":53,"column":40}},"loc":{"start":{"line":53,"column":93},"end":{"line":62,"column":1}}},"4":{"name":"(anonymous_5)","decl":{"start":{"line":59,"column":20},"end":{"line":59,"column":25}},"loc":{"start":{"line":59,"column":29},"end":{"line":59,"column":38}}},"5":{"name":"(anonymous_6)","decl":{"start":{"line":64,"column":25},"end":{"line":64,"column":26}},"loc":{"start":{"line":64,"column":77},"end":{"line":77,"column":1}}}},"branchMap":{"0":{"loc":{"start":{"line":21,"column":6},"end":{"line":24,"column":7}},"type":"if","locations":[{"start":{"line":21,"column":6},"end":{"line":24,"column":7}}]},"1":{"loc":{"start":{"line":34,"column":12},"end":{"line":38,"column":13}},"type":"if","locations":[{"start":{"line":34,"column":12},"end":{"line":38,"column":13}}]},"2":{"loc":{"start":{"line":70,"column":6},"end":{"line":74,"column":7}},"type":"if","locations":[{"start":{"line":70,"column":6},"end":{"line":74,"column":7}}]}},"s":{"0":2,"1":2,"2":2,"3":0,"4":0,"5":0,"6":0,"7":0,"8":0,"9":0,"10":2,"11":2,"12":3,"13":3,"14":3,"15":2,"16":1,"17":1,"18":1,"19":1,"20":1,"21":1,"22":1,"23":2,"24":2,"25":0,"26":0,"27":0,"28":0,"29":2,"30":2,"31":3,"32":2,"33":2,"34":2,"35":1,"36":2},"f":{"0":0,"1":0,"2":3,"3":0,"4":0,"5":3},"b":{"0":[0],"1":[1],"2":[2]}}
,"C:\\Users\\DANIEL\\Documents\\Curso_de_Udemy\\Curso_Juan_express_vite_nextjs\\cashtrackr\\backend\\src\\middleware\\expense.ts": {"path":"C:\\Users\\DANIEL\\Documents\\Curso_de_Udemy\\Curso_Juan_express_vite_nextjs\\cashtrackr\\backend\\src\\middleware\\expense.ts","statementMap":{"0":{"start":{"line":2,"column":0},"end":{"line":2,"column":66}},"1":{"start":{"line":3,"column":0},"end":{"line":3,"column":50}},"2":{"start":{"line":13,"column":36},"end":{"line":22,"column":1}},"3":{"start":{"line":14,"column":6},"end":{"line":15,"column":86}},"4":{"start":{"line":16,"column":6},"end":{"line":19,"column":93}},"5":{"start":{"line":19,"column":29},"end":{"line":19,"column":38}},"6":{"start":{"line":21,"column":6},"end":{"line":21,"column":13}},"7":{"start":{"line":13,"column":13},"end":{"line":13,"column":36}},"8":{"start":{"line":24,"column":33},"end":{"line":38,"column":1}},"9":{"start":{"line":25,"column":6},"end":{"line":29,"column":null}},"10":{"start":{"line":27,"column":29},"end":{"line":27,"column":38}},"11":{"start":{"line":31,"column":19},"end":{"line":31,"column":40}},"12":{"start":{"line":32,"column":6},"end":{"line":35,"column":7}},"13":{"start":{"line":33,"column":12},"end":{"line":33,"column":null}},"14":{"start":{"line":34,"column":12},"end":{"line":34,"column":19}},"15":{"start":{"line":37,"column":6},"end":{"line":37,"column":13}},"16":{"start":{"line":24,"column":13},"end":{"line":24,"column":33}},"17":{"start":{"line":40,"column":36},"end":{"line":61,"column":1}},"18":{"start":{"line":41,"column":6},"end":{"line":59,"column":7}},"19":{"start":{"line":42,"column":34},"end":{"line":42,"column":44}},"20":{"start":{"line":43,"column":28},"end":{"line":43,"column":66}},"21":{"start":{"line":45,"column":12},"end":{"line":49,"column":13}},"22":{"start":{"line":46,"column":32},"end":{"line":46,"column":64}},"23":{"start":{"line":47,"column":18},"end":{"line":47,"column":65}},"24":{"start":{"line":48,"column":18},"end":{"line":48,"column":25}},"25":{"start":{"line":51,"column":12},"end":{"line":51,"column":34}},"26":{"start":{"line":53,"column":12},"end":{"line":53,"column":19}},"27":{"start":{"line":57,"column":12},"end":{"line":57,"column":61}},"28":{"start":{"line":58,"column":12},"end":{"line":58,"column":19}},"29":{"start":{"line":40,"column":13},"end":{"line":40,"column":36}}},"fnMap":{"0":{"name":"(anonymous_1)","decl":{"start":{"line":13,"column":36},"end":{"line":13,"column":41}},"loc":{"start":{"line":13,"column":94},"end":{"line":22,"column":1}}},"1":{"name":"(anonymous_2)","decl":{"start":{"line":19,"column":20},"end":{"line":19,"column":25}},"loc":{"start":{"line":19,"column":29},"end":{"line":19,"column":38}}},"2":{"name":"(anonymous_3)","decl":{"start":{"line":24,"column":33},"end":{"line":24,"column":38}},"loc":{"start":{"line":24,"column":91},"end":{"line":38,"column":1}}},"3":{"name":"(anonymous_4)","decl":{"start":{"line":27,"column":20},"end":{"line":27,"column":25}},"loc":{"start":{"line":27,"column":29},"end":{"line":27,"column":38}}},"4":{"name":"(anonymous_5)","decl":{"start":{"line":40,"column":36},"end":{"line":40,"column":41}},"loc":{"start":{"line":40,"column":94},"end":{"line":61,"column":1}}}},"branchMap":{"0":{"loc":{"start":{"line":32,"column":6},"end":{"line":35,"column":7}},"type":"if","locations":[{"start":{"line":32,"column":6},"end":{"line":35,"column":7}}]},"1":{"loc":{"start":{"line":45,"column":12},"end":{"line":49,"column":13}},"type":"if","locations":[{"start":{"line":45,"column":12},"end":{"line":49,"column":13}}]}},"s":{"0":1,"1":1,"2":1,"3":0,"4":0,"5":0,"6":0,"7":1,"8":1,"9":0,"10":0,"11":0,"12":0,"13":0,"14":0,"15":0,"16":1,"17":1,"18":3,"19":3,"20":3,"21":2,"22":1,"23":1,"24":1,"25":1,"26":1,"27":1,"28":1,"29":1},"f":{"0":0,"1":0,"2":0,"3":0,"4":3},"b":{"0":[0],"1":[1]}}
,"C:\\Users\\DANIEL\\Documents\\Curso_de_Udemy\\Curso_Juan_express_vite_nextjs\\cashtrackr\\backend\\src\\models\\BudgetModel.ts": {"path":"C:\\Users\\DANIEL\\Documents\\Curso_de_Udemy\\Curso_Juan_express_vite_nextjs\\cashtrackr\\backend\\src\\models\\BudgetModel.ts","statementMap":{"0":{"start":{"line":1,"column":0},"end":{"line":1,"column":113}},"1":{"start":{"line":2,"column":0},"end":{"line":2,"column":42}},"2":{"start":{"line":3,"column":0},"end":{"line":3,"column":36}},"3":{"start":{"line":9,"column":0},"end":{"line":35,"column":2}},"4":{"start":{"line":15,"column":14},"end":{"line":15,"column":null}},"5":{"start":{"line":21,"column":14},"end":{"line":21,"column":null}},"6":{"start":{"line":28,"column":14},"end":{"line":28,"column":null}},"7":{"start":{"line":23,"column":21},"end":{"line":23,"column":33}},"8":{"start":{"line":31,"column":14},"end":{"line":31,"column":null}},"9":{"start":{"line":30,"column":24},"end":{"line":30,"column":33}},"10":{"start":{"line":34,"column":14},"end":{"line":34,"column":null}},"11":{"start":{"line":33,"column":23},"end":{"line":33,"column":32}},"12":{"start":{"line":9,"column":6},"end":{"line":35,"column":2}},"13":{"start":{"line":37,"column":0},"end":{"line":37,"column":27}}},"fnMap":{"0":{"name":"(anonymous_3)","decl":{"start":{"line":23,"column":15},"end":{"line":23,"column":18}},"loc":{"start":{"line":23,"column":21},"end":{"line":23,"column":33}}},"1":{"name":"(anonymous_4)","decl":{"start":{"line":30,"column":18},"end":{"line":30,"column":21}},"loc":{"start":{"line":30,"column":24},"end":{"line":30,"column":33}}},"2":{"name":"(anonymous_5)","decl":{"start":{"line":33,"column":17},"end":{"line":33,"column":20}},"loc":{"start":{"line":33,"column":23},"end":{"line":33,"column":32}}}},"branchMap":{},"s":{"0":2,"1":2,"2":2,"3":2,"4":2,"5":2,"6":2,"7":0,"8":2,"9":0,"10":2,"11":0,"12":2,"13":2},"f":{"0":0,"1":0,"2":0},"b":{}}
,"C:\\Users\\DANIEL\\Documents\\Curso_de_Udemy\\Curso_Juan_express_vite_nextjs\\cashtrackr\\backend\\src\\models\\ExpenseModel.ts": {"path":"C:\\Users\\DANIEL\\Documents\\Curso_de_Udemy\\Curso_Juan_express_vite_nextjs\\cashtrackr\\backend\\src\\models\\ExpenseModel.ts","statementMap":{"0":{"start":{"line":1,"column":0},"end":{"line":1,"column":104}},"1":{"start":{"line":2,"column":0},"end":{"line":2,"column":40}},"2":{"start":{"line":8,"column":0},"end":{"line":27,"column":2}},"3":{"start":{"line":14,"column":14},"end":{"line":14,"column":null}},"4":{"start":{"line":20,"column":14},"end":{"line":20,"column":null}},"5":{"start":{"line":23,"column":14},"end":{"line":23,"column":null}},"6":{"start":{"line":22,"column":24},"end":{"line":22,"column":35}},"7":{"start":{"line":26,"column":14},"end":{"line":26,"column":null}},"8":{"start":{"line":25,"column":23},"end":{"line":25,"column":34}},"9":{"start":{"line":8,"column":6},"end":{"line":27,"column":2}},"10":{"start":{"line":29,"column":0},"end":{"line":29,"column":28}}},"fnMap":{"0":{"name":"(anonymous_3)","decl":{"start":{"line":22,"column":18},"end":{"line":22,"column":21}},"loc":{"start":{"line":22,"column":24},"end":{"line":22,"column":35}}},"1":{"name":"(anonymous_4)","decl":{"start":{"line":25,"column":17},"end":{"line":25,"column":20}},"loc":{"start":{"line":25,"column":23},"end":{"line":25,"column":34}}}},"branchMap":{},"s":{"0":2,"1":2,"2":2,"3":2,"4":2,"5":2,"6":0,"7":2,"8":0,"9":2,"10":2},"f":{"0":0,"1":0},"b":{}}
,"C:\\Users\\DANIEL\\Documents\\Curso_de_Udemy\\Curso_Juan_express_vite_nextjs\\cashtrackr\\backend\\src\\models\\UserModel.ts": {"path":"C:\\Users\\DANIEL\\Documents\\Curso_de_Udemy\\Curso_Juan_express_vite_nextjs\\cashtrackr\\backend\\src\\models\\UserModel.ts","statementMap":{"0":{"start":{"line":1,"column":0},"end":{"line":1,"column":107}},"1":{"start":{"line":2,"column":0},"end":{"line":2,"column":40}},"2":{"start":{"line":8,"column":0},"end":{"line":47,"column":2}},"3":{"start":{"line":14,"column":14},"end":{"line":14,"column":null}},"4":{"start":{"line":20,"column":14},"end":{"line":20,"column":null}},"5":{"start":{"line":28,"column":14},"end":{"line":28,"column":null}},"6":{"start":{"line":33,"column":14},"end":{"line":33,"column":null}},"7":{"start":{"line":40,"column":14},"end":{"line":40,"column":null}},"8":{"start":{"line":46,"column":14},"end":{"line":46,"column":null}},"9":{"start":{"line":42,"column":21},"end":{"line":42,"column":32}},"10":{"start":{"line":8,"column":6},"end":{"line":47,"column":2}},"11":{"start":{"line":49,"column":0},"end":{"line":49,"column":25}}},"fnMap":{"0":{"name":"(anonymous_3)","decl":{"start":{"line":42,"column":15},"end":{"line":42,"column":18}},"loc":{"start":{"line":42,"column":21},"end":{"line":42,"column":32}}}},"branchMap":{},"s":{"0":2,"1":2,"2":2,"3":2,"4":2,"5":2,"6":2,"7":2,"8":2,"9":0,"10":2,"11":2},"f":{"0":0},"b":{}}
,"C:\\Users\\DANIEL\\Documents\\Curso_de_Udemy\\Curso_Juan_express_vite_nextjs\\cashtrackr\\backend\\src\\tests\\mocks\\budgets.ts": {"path":"C:\\Users\\DANIEL\\Documents\\Curso_de_Udemy\\Curso_Juan_express_vite_nextjs\\cashtrackr\\backend\\src\\tests\\mocks\\budgets.ts","statementMap":{"0":{"start":{"line":1,"column":13},"end":{"line":71,"column":2}}},"fnMap":{},"branchMap":{},"s":{"0":3},"f":{},"b":{}}
,"C:\\Users\\DANIEL\\Documents\\Curso_de_Udemy\\Curso_Juan_express_vite_nextjs\\cashtrackr\\backend\\src\\tests\\mocks\\expenses.ts": {"path":"C:\\Users\\DANIEL\\Documents\\Curso_de_Udemy\\Curso_Juan_express_vite_nextjs\\cashtrackr\\backend\\src\\tests\\mocks\\expenses.ts","statementMap":{"0":{"start":{"line":1,"column":13},"end":{"line":26,"column":2}}},"fnMap":{},"branchMap":{},"s":{"0":2},"f":{},"b":{}}
,"C:\\Users\\DANIEL\\Documents\\Curso_de_Udemy\\Curso_Juan_express_vite_nextjs\\cashtrackr\\backend\\src\\utils\\auth.ts": {"path":"C:\\Users\\DANIEL\\Documents\\Curso_de_Udemy\\Curso_Juan_express_vite_nextjs\\cashtrackr\\backend\\src\\utils\\auth.ts","statementMap":{"0":{"start":{"line":1,"column":0},"end":{"line":1,"column":28}},"1":{"start":{"line":3,"column":28},"end":{"line":6,"column":1}},"2":{"start":{"line":4,"column":19},"end":{"line":4,"column":43}},"3":{"start":{"line":5,"column":6},"end":{"line":5,"column":47}},"4":{"start":{"line":3,"column":13},"end":{"line":3,"column":28}},"5":{"start":{"line":8,"column":29},"end":{"line":12,"column":1}},"6":{"start":{"line":11,"column":6},"end":{"line":11,"column":50}},"7":{"start":{"line":8,"column":13},"end":{"line":8,"column":29}}},"fnMap":{"0":{"name":"(anonymous_1)","decl":{"start":{"line":3,"column":28},"end":{"line":3,"column":33}},"loc":{"start":{"line":3,"column":55},"end":{"line":6,"column":1}}},"1":{"name":"(anonymous_2)","decl":{"start":{"line":8,"column":29},"end":{"line":8,"column":34}},"loc":{"start":{"line":8,"column":70},"end":{"line":12,"column":1}}}},"branchMap":{},"s":{"0":1,"1":1,"2":0,"3":0,"4":1,"5":1,"6":0,"7":1},"f":{"0":0,"1":0},"b":{}}
,"C:\\Users\\DANIEL\\Documents\\Curso_de_Udemy\\Curso_Juan_express_vite_nextjs\\cashtrackr\\backend\\src\\utils\\jwt.ts": {"path":"C:\\Users\\DANIEL\\Documents\\Curso_de_Udemy\\Curso_Juan_express_vite_nextjs\\cashtrackr\\backend\\src\\utils\\jwt.ts","statementMap":{"0":{"start":{"line":1,"column":0},"end":{"line":1,"column":31}},"1":{"start":{"line":3,"column":27},"end":{"line":9,"column":1}},"2":{"start":{"line":5,"column":20},"end":{"line":7,"column":8}},"3":{"start":{"line":8,"column":6},"end":{"line":8,"column":19}},"4":{"start":{"line":3,"column":13},"end":{"line":3,"column":27}}},"fnMap":{"0":{"name":"(anonymous_1)","decl":{"start":{"line":3,"column":27},"end":{"line":3,"column":28}},"loc":{"start":{"line":3,"column":50},"end":{"line":9,"column":1}}}},"branchMap":{},"s":{"0":1,"1":1,"2":0,"3":0,"4":1},"f":{"0":0},"b":{}}
,"C:\\Users\\DANIEL\\Documents\\Curso_de_Udemy\\Curso_Juan_express_vite_nextjs\\cashtrackr\\backend\\src\\utils\\token.ts": {"path":"C:\\Users\\DANIEL\\Documents\\Curso_de_Udemy\\Curso_Juan_express_vite_nextjs\\cashtrackr\\backend\\src\\utils\\token.ts","statementMap":{"0":{"start":{"line":1,"column":29},"end":{"line":1,"column":89}},"1":{"start":{"line":1,"column":35},"end":{"line":1,"column":89}},"2":{"start":{"line":1,"column":13},"end":{"line":1,"column":29}}},"fnMap":{"0":{"name":"(anonymous_0)","decl":{"start":{"line":1,"column":29},"end":{"line":1,"column":32}},"loc":{"start":{"line":1,"column":35},"end":{"line":1,"column":89}}}},"branchMap":{},"s":{"0":1,"1":0,"2":1},"f":{"0":0},"b":{}}
}
