{"C:\\Users\\DANIEL\\Documents\\Curso_de_Udemy\\Curso_Juan_express_vite_nextjs\\cashtrackr\\backend\\src\\server.ts": {"path":"C:\\Users\\DANIEL\\Documents\\Curso_de_Udemy\\Curso_Juan_express_vite_nextjs\\cashtrackr\\backend\\src\\server.ts","statementMap":{"0":{"start":{"line":1,"column":0},"end":{"line":1,"column":30}},"1":{"start":{"line":2,"column":0},"end":{"line":2,"column":28}},"2":{"start":{"line":3,"column":0},"end":{"line":3,"column":28}},"3":{"start":{"line":4,"column":0},"end":{"line":4,"column":33}},"4":{"start":{"line":5,"column":0},"end":{"line":5,"column":49}},"5":{"start":{"line":6,"column":0},"end":{"line":6,"column":45}},"6":{"start":{"line":8,"column":25},"end":{"line":17,"column":1}},"7":{"start":{"line":9,"column":6},"end":{"line":16,"column":7}},"8":{"start":{"line":10,"column":12},"end":{"line":10,"column":36}},"9":{"start":{"line":11,"column":12},"end":{"line":11,"column":22}},"10":{"start":{"line":12,"column":12},"end":{"line":12,"column":70}},"11":{"start":{"line":14,"column":12},"end":{"line":14,"column":70}},"12":{"start":{"line":8,"column":13},"end":{"line":8,"column":25}},"13":{"start":{"line":19,"column":0},"end":{"line":19,"column":12}},"14":{"start":{"line":21,"column":12},"end":{"line":21,"column":21}},"15":{"start":{"line":23,"column":0},"end":{"line":23,"column":23}},"16":{"start":{"line":25,"column":0},"end":{"line":25,"column":24}},"17":{"start":{"line":27,"column":0},"end":{"line":27,"column":38}},"18":{"start":{"line":28,"column":0},"end":{"line":28,"column":33}},"19":{"start":{"line":34,"column":0},"end":{"line":34,"column":34}},"20":{"start":{"line":37,"column":0},"end":{"line":37,"column":null}}},"fnMap":{"0":{"name":"(anonymous_1)","decl":{"start":{"line":8,"column":25},"end":{"line":8,"column":30}},"loc":{"start":{"line":8,"column":36},"end":{"line":17,"column":1}}}},"branchMap":{},"s":{"0":1,"1":1,"2":1,"3":1,"4":1,"5":1,"6":1,"7":1,"8":1,"9":1,"10":1,"11":0,"12":1,"13":1,"14":1,"15":1,"16":1,"17":1,"18":1,"19":1,"20":1},"f":{"0":1},"b":{}}
,"C:\\Users\\DANIEL\\Documents\\Curso_de_Udemy\\Curso_Juan_express_vite_nextjs\\cashtrackr\\backend\\src\\config\\db.ts": {"path":"C:\\Users\\DANIEL\\Documents\\Curso_de_Udemy\\Curso_Juan_express_vite_nextjs\\cashtrackr\\backend\\src\\config\\db.ts","statementMap":{"0":{"start":{"line":1,"column":0},"end":{"line":1,"column":49}},"1":{"start":{"line":2,"column":0},"end":{"line":2,"column":28}},"2":{"start":{"line":3,"column":0},"end":{"line":3,"column":16}},"3":{"start":{"line":6,"column":13},"end":{"line":14,"column":3}}},"fnMap":{},"branchMap":{},"s":{"0":1,"1":1,"2":1,"3":1},"f":{},"b":{}}
,"C:\\Users\\DANIEL\\Documents\\Curso_de_Udemy\\Curso_Juan_express_vite_nextjs\\cashtrackr\\backend\\src\\config\\limiter.ts": {"path":"C:\\Users\\DANIEL\\Documents\\Curso_de_Udemy\\Curso_Juan_express_vite_nextjs\\cashtrackr\\backend\\src\\config\\limiter.ts","statementMap":{"0":{"start":{"line":1,"column":0},"end":{"line":1,"column":47}},"1":{"start":{"line":3,"column":13},"end":{"line":7,"column":3}}},"fnMap":{},"branchMap":{"0":{"loc":{"start":{"line":5,"column":13},"end":{"line":5,"column":60}},"type":"cond-expr","locations":[{"start":{"line":5,"column":53},"end":{"line":5,"column":54}},{"start":{"line":5,"column":57},"end":{"line":5,"column":60}}]}},"s":{"0":1,"1":1},"f":{},"b":{"0":[0,1]}}
,"C:\\Users\\DANIEL\\Documents\\Curso_de_Udemy\\Curso_Juan_express_vite_nextjs\\cashtrackr\\backend\\src\\config\\nodemailer.ts": {"path":"C:\\Users\\DANIEL\\Documents\\Curso_de_Udemy\\Curso_Juan_express_vite_nextjs\\cashtrackr\\backend\\src\\config\\nodemailer.ts","statementMap":{"0":{"start":{"line":1,"column":0},"end":{"line":1,"column":36}},"1":{"start":{"line":2,"column":0},"end":{"line":2,"column":28}},"2":{"start":{"line":3,"column":0},"end":{"line":3,"column":16}},"3":{"start":{"line":15,"column":15},"end":{"line":24,"column":1}},"4":{"start":{"line":16,"column":6},"end":{"line":23,"column":null}},"5":{"start":{"line":26,"column":13},"end":{"line":26,"column":62}}},"fnMap":{"0":{"name":"(anonymous_1)","decl":{"start":{"line":15,"column":15},"end":{"line":15,"column":34}},"loc":{"start":{"line":15,"column":36},"end":{"line":24,"column":1}}}},"branchMap":{},"s":{"0":2,"1":2,"2":2,"3":2,"4":2,"5":2},"f":{"0":2},"b":{}}
,"C:\\Users\\DANIEL\\Documents\\Curso_de_Udemy\\Curso_Juan_express_vite_nextjs\\cashtrackr\\backend\\src\\controllers\\AuthController.ts": {"path":"C:\\Users\\DANIEL\\Documents\\Curso_de_Udemy\\Curso_Juan_express_vite_nextjs\\cashtrackr\\backend\\src\\controllers\\AuthController.ts","statementMap":{"0":{"start":{"line":2,"column":0},"end":{"line":2,"column":44}},"1":{"start":{"line":3,"column":0},"end":{"line":3,"column":60}},"2":{"start":{"line":4,"column":0},"end":{"line":4,"column":47}},"3":{"start":{"line":5,"column":0},"end":{"line":5,"column":47}},"4":{"start":{"line":6,"column":0},"end":{"line":6,"column":43}},"5":{"start":{"line":10,"column":29},"end":{"line":49,"column":7}},"6":{"start":{"line":11,"column":40},"end":{"line":11,"column":48}},"7":{"start":{"line":15,"column":31},"end":{"line":15,"column":76}},"8":{"start":{"line":17,"column":12},"end":{"line":21,"column":13}},"9":{"start":{"line":18,"column":32},"end":{"line":18,"column":88}},"10":{"start":{"line":19,"column":18},"end":{"line":19,"column":65}},"11":{"start":{"line":20,"column":18},"end":{"line":20,"column":24}},"12":{"start":{"line":22,"column":12},"end":{"line":47,"column":13}},"13":{"start":{"line":24,"column":31},"end":{"line":24,"column":63}},"14":{"start":{"line":25,"column":18},"end":{"line":25,"column":63}},"15":{"start":{"line":27,"column":32},"end":{"line":27,"column":47}},"16":{"start":{"line":28,"column":18},"end":{"line":28,"column":37}},"17":{"start":{"line":30,"column":18},"end":{"line":32,"column":19}},"18":{"start":{"line":31,"column":24},"end":{"line":31,"column":71}},"19":{"start":{"line":34,"column":18},"end":{"line":34,"column":36}},"20":{"start":{"line":36,"column":18},"end":{"line":40,"column":null}},"21":{"start":{"line":42,"column":18},"end":{"line":42,"column":70}},"22":{"start":{"line":46,"column":18},"end":{"line":46,"column":67}},"23":{"start":{"line":51,"column":30},"end":{"line":66,"column":7}},"24":{"start":{"line":53,"column":30},"end":{"line":53,"column":38}},"25":{"start":{"line":55,"column":25},"end":{"line":55,"column":70}},"26":{"start":{"line":56,"column":12},"end":{"line":60,"column":13}},"27":{"start":{"line":57,"column":32},"end":{"line":57,"column":60}},"28":{"start":{"line":58,"column":18},"end":{"line":58,"column":65}},"29":{"start":{"line":59,"column":18},"end":{"line":59,"column":25}},"30":{"start":{"line":61,"column":12},"end":{"line":61,"column":34}},"31":{"start":{"line":62,"column":12},"end":{"line":62,"column":30}},"32":{"start":{"line":63,"column":12},"end":{"line":63,"column":30}},"33":{"start":{"line":65,"column":12},"end":{"line":65,"column":56}},"34":{"start":{"line":68,"column":21},"end":{"line":105,"column":7}},"35":{"start":{"line":70,"column":40},"end":{"line":70,"column":48}},"36":{"start":{"line":72,"column":25},"end":{"line":72,"column":70}},"37":{"start":{"line":76,"column":12},"end":{"line":80,"column":13}},"38":{"start":{"line":77,"column":32},"end":{"line":77,"column":66}},"39":{"start":{"line":78,"column":18},"end":{"line":78,"column":65}},"40":{"start":{"line":79,"column":18},"end":{"line":79,"column":24}},"41":{"start":{"line":84,"column":12},"end":{"line":88,"column":13}},"42":{"start":{"line":85,"column":32},"end":{"line":85,"column":76}},"43":{"start":{"line":86,"column":18},"end":{"line":86,"column":65}},"44":{"start":{"line":87,"column":18},"end":{"line":87,"column":24}},"45":{"start":{"line":92,"column":38},"end":{"line":92,"column":82}},"46":{"start":{"line":94,"column":12},"end":{"line":98,"column":13}},"47":{"start":{"line":95,"column":32},"end":{"line":95,"column":64}},"48":{"start":{"line":96,"column":18},"end":{"line":96,"column":65}},"49":{"start":{"line":97,"column":18},"end":{"line":97,"column":24}},"50":{"start":{"line":102,"column":26},"end":{"line":102,"column":46}},"51":{"start":{"line":104,"column":12},"end":{"line":104,"column":28}},"52":{"start":{"line":107,"column":30},"end":{"line":129,"column":7}},"53":{"start":{"line":108,"column":30},"end":{"line":108,"column":38}},"54":{"start":{"line":110,"column":25},"end":{"line":110,"column":70}},"55":{"start":{"line":114,"column":12},"end":{"line":118,"column":13}},"56":{"start":{"line":115,"column":32},"end":{"line":115,"column":66}},"57":{"start":{"line":116,"column":18},"end":{"line":116,"column":65}},"58":{"start":{"line":117,"column":18},"end":{"line":117,"column":24}},"59":{"start":{"line":119,"column":12},"end":{"line":119,"column":41}},"60":{"start":{"line":120,"column":12},"end":{"line":120,"column":30}},"61":{"start":{"line":122,"column":12},"end":{"line":126,"column":15}},"62":{"start":{"line":128,"column":12},"end":{"line":128,"column":58}},"63":{"start":{"line":131,"column":29},"end":{"line":142,"column":7}},"64":{"start":{"line":132,"column":30},"end":{"line":132,"column":38}},"65":{"start":{"line":134,"column":31},"end":{"line":134,"column":76}},"66":{"start":{"line":135,"column":12},"end":{"line":139,"column":13}},"67":{"start":{"line":136,"column":32},"end":{"line":136,"column":60}},"68":{"start":{"line":137,"column":18},"end":{"line":137,"column":65}},"69":{"start":{"line":138,"column":18},"end":{"line":138,"column":25}},"70":{"start":{"line":141,"column":12},"end":{"line":141,"column":40}},"71":{"start":{"line":144,"column":38},"end":{"line":162,"column":7}},"72":{"start":{"line":145,"column":30},"end":{"line":145,"column":40}},"73":{"start":{"line":146,"column":33},"end":{"line":146,"column":41}},"74":{"start":{"line":148,"column":25},"end":{"line":148,"column":70}},"75":{"start":{"line":149,"column":12},"end":{"line":153,"column":13}},"76":{"start":{"line":150,"column":32},"end":{"line":150,"column":60}},"77":{"start":{"line":151,"column":18},"end":{"line":151,"column":65}},"78":{"start":{"line":152,"column":18},"end":{"line":152,"column":25}},"79":{"start":{"line":157,"column":12},"end":{"line":157,"column":57}},"80":{"start":{"line":158,"column":12},"end":{"line":158,"column":30}},"81":{"start":{"line":159,"column":12},"end":{"line":159,"column":30}},"82":{"start":{"line":161,"column":12},"end":{"line":161,"column":61}},"83":{"start":{"line":164,"column":20},"end":{"line":167,"column":7}},"84":{"start":{"line":166,"column":12},"end":{"line":166,"column":31}},"85":{"start":{"line":169,"column":41},"end":{"line":188,"column":7}},"86":{"start":{"line":170,"column":51},"end":{"line":170,"column":59}},"87":{"start":{"line":171,"column":27},"end":{"line":171,"column":35}},"88":{"start":{"line":173,"column":25},"end":{"line":173,"column":53}},"89":{"start":{"line":175,"column":38},"end":{"line":175,"column":90}},"90":{"start":{"line":177,"column":12},"end":{"line":181,"column":13}},"91":{"start":{"line":178,"column":32},"end":{"line":178,"column":77}},"92":{"start":{"line":179,"column":18},"end":{"line":179,"column":65}},"93":{"start":{"line":180,"column":18},"end":{"line":180,"column":25}},"94":{"start":{"line":183,"column":12},"end":{"line":183,"column":57}},"95":{"start":{"line":184,"column":12},"end":{"line":184,"column":30}},"96":{"start":{"line":186,"column":12},"end":{"line":186,"column":62}},"97":{"start":{"line":190,"column":29},"end":{"line":207,"column":7}},"98":{"start":{"line":191,"column":33},"end":{"line":191,"column":41}},"99":{"start":{"line":192,"column":27},"end":{"line":192,"column":35}},"100":{"start":{"line":194,"column":25},"end":{"line":194,"column":53}},"101":{"start":{"line":196,"column":38},"end":{"line":196,"column":82}},"102":{"start":{"line":198,"column":12},"end":{"line":202,"column":13}},"103":{"start":{"line":199,"column":32},"end":{"line":199,"column":77}},"104":{"start":{"line":200,"column":18},"end":{"line":200,"column":65}},"105":{"start":{"line":201,"column":18},"end":{"line":201,"column":25}},"106":{"start":{"line":205,"column":12},"end":{"line":205,"column":41}},"107":{"start":{"line":9,"column":0},"end":{"line":9,"column":13}}},"fnMap":{"0":{"name":"(anonymous_1)","decl":{"start":{"line":10,"column":29},"end":{"line":10,"column":34}},"loc":{"start":{"line":10,"column":67},"end":{"line":49,"column":7}}},"1":{"name":"(anonymous_2)","decl":{"start":{"line":51,"column":30},"end":{"line":51,"column":35}},"loc":{"start":{"line":51,"column":68},"end":{"line":66,"column":7}}},"2":{"name":"(anonymous_3)","decl":{"start":{"line":68,"column":21},"end":{"line":68,"column":26}},"loc":{"start":{"line":68,"column":59},"end":{"line":105,"column":7}}},"3":{"name":"(anonymous_4)","decl":{"start":{"line":107,"column":30},"end":{"line":107,"column":35}},"loc":{"start":{"line":107,"column":68},"end":{"line":129,"column":7}}},"4":{"name":"(anonymous_5)","decl":{"start":{"line":131,"column":29},"end":{"line":131,"column":34}},"loc":{"start":{"line":131,"column":67},"end":{"line":142,"column":7}}},"5":{"name":"(anonymous_6)","decl":{"start":{"line":144,"column":38},"end":{"line":144,"column":43}},"loc":{"start":{"line":144,"column":76},"end":{"line":162,"column":7}}},"6":{"name":"(anonymous_7)","decl":{"start":{"line":164,"column":20},"end":{"line":164,"column":25}},"loc":{"start":{"line":164,"column":58},"end":{"line":167,"column":7}}},"7":{"name":"(anonymous_8)","decl":{"start":{"line":169,"column":41},"end":{"line":169,"column":46}},"loc":{"start":{"line":169,"column":79},"end":{"line":188,"column":7}}},"8":{"name":"(anonymous_9)","decl":{"start":{"line":190,"column":29},"end":{"line":190,"column":34}},"loc":{"start":{"line":190,"column":67},"end":{"line":207,"column":7}}}},"branchMap":{"0":{"loc":{"start":{"line":17,"column":12},"end":{"line":21,"column":13}},"type":"if","locations":[{"start":{"line":17,"column":12},"end":{"line":21,"column":13}}]},"1":{"loc":{"start":{"line":30,"column":18},"end":{"line":32,"column":19}},"type":"if","locations":[{"start":{"line":30,"column":18},"end":{"line":32,"column":19}}]},"2":{"loc":{"start":{"line":56,"column":12},"end":{"line":60,"column":13}},"type":"if","locations":[{"start":{"line":56,"column":12},"end":{"line":60,"column":13}}]},"3":{"loc":{"start":{"line":76,"column":12},"end":{"line":80,"column":13}},"type":"if","locations":[{"start":{"line":76,"column":12},"end":{"line":80,"column":13}}]},"4":{"loc":{"start":{"line":84,"column":12},"end":{"line":88,"column":13}},"type":"if","locations":[{"start":{"line":84,"column":12},"end":{"line":88,"column":13}}]},"5":{"loc":{"start":{"line":94,"column":12},"end":{"line":98,"column":13}},"type":"if","locations":[{"start":{"line":94,"column":12},"end":{"line":98,"column":13}}]},"6":{"loc":{"start":{"line":114,"column":12},"end":{"line":118,"column":13}},"type":"if","locations":[{"start":{"line":114,"column":12},"end":{"line":118,"column":13}}]},"7":{"loc":{"start":{"line":135,"column":12},"end":{"line":139,"column":13}},"type":"if","locations":[{"start":{"line":135,"column":12},"end":{"line":139,"column":13}}]},"8":{"loc":{"start":{"line":149,"column":12},"end":{"line":153,"column":13}},"type":"if","locations":[{"start":{"line":149,"column":12},"end":{"line":153,"column":13}}]},"9":{"loc":{"start":{"line":177,"column":12},"end":{"line":181,"column":13}},"type":"if","locations":[{"start":{"line":177,"column":12},"end":{"line":181,"column":13}}]},"10":{"loc":{"start":{"line":198,"column":12},"end":{"line":202,"column":13}},"type":"if","locations":[{"start":{"line":198,"column":12},"end":{"line":202,"column":13}}]}},"s":{"0":2,"1":2,"2":2,"3":2,"4":2,"5":2,"6":5,"7":5,"8":5,"9":3,"10":3,"11":3,"12":2,"13":2,"14":2,"15":2,"16":2,"17":2,"18":2,"19":2,"20":2,"21":2,"22":0,"23":2,"24":2,"25":2,"26":2,"27":1,"28":1,"29":1,"30":1,"31":1,"32":1,"33":1,"34":2,"35":14,"36":14,"37":14,"38":2,"39":2,"40":2,"41":12,"42":3,"43":3,"44":3,"45":9,"46":9,"47":2,"48":2,"49":2,"50":7,"51":7,"52":2,"53":0,"54":0,"55":0,"56":0,"57":0,"58":0,"59":0,"60":0,"61":0,"62":0,"63":2,"64":0,"65":0,"66":0,"67":0,"68":0,"69":0,"70":0,"71":2,"72":0,"73":0,"74":0,"75":0,"76":0,"77":0,"78":0,"79":0,"80":0,"81":0,"82":0,"83":2,"84":0,"85":2,"86":0,"87":0,"88":0,"89":0,"90":0,"91":0,"92":0,"93":0,"94":0,"95":0,"96":0,"97":2,"98":0,"99":0,"100":0,"101":0,"102":0,"103":0,"104":0,"105":0,"106":0,"107":2},"f":{"0":5,"1":2,"2":14,"3":0,"4":0,"5":0,"6":0,"7":0,"8":0},"b":{"0":[3],"1":[2],"2":[1],"3":[2],"4":[3],"5":[2],"6":[0],"7":[0],"8":[0],"9":[0],"10":[0]}}
,"C:\\Users\\DANIEL\\Documents\\Curso_de_Udemy\\Curso_Juan_express_vite_nextjs\\cashtrackr\\backend\\src\\controllers\\BudgetController.ts": {"path":"C:\\Users\\DANIEL\\Documents\\Curso_de_Udemy\\Curso_Juan_express_vite_nextjs\\cashtrackr\\backend\\src\\controllers\\BudgetController.ts","statementMap":{"0":{"start":{"line":2,"column":0},"end":{"line":2,"column":48}},"1":{"start":{"line":3,"column":0},"end":{"line":3,"column":50}},"2":{"start":{"line":6,"column":22},"end":{"line":24,"column":7}},"3":{"start":{"line":8,"column":12},"end":{"line":23,"column":13}},"4":{"start":{"line":9,"column":34},"end":{"line":16,"column":20}},"5":{"start":{"line":18,"column":18},"end":{"line":18,"column":36}},"6":{"start":{"line":22,"column":18},"end":{"line":22,"column":67}},"7":{"start":{"line":26,"column":22},"end":{"line":39,"column":7}},"8":{"start":{"line":27,"column":12},"end":{"line":38,"column":13}},"9":{"start":{"line":29,"column":33},"end":{"line":29,"column":67}},"10":{"start":{"line":30,"column":18},"end":{"line":30,"column":46}},"11":{"start":{"line":31,"column":18},"end":{"line":31,"column":38}},"12":{"start":{"line":32,"column":18},"end":{"line":32,"column":75}},"13":{"start":{"line":33,"column":18},"end":{"line":33,"column":25}},"14":{"start":{"line":36,"column":18},"end":{"line":36,"column":67}},"15":{"start":{"line":37,"column":18},"end":{"line":37,"column":25}},"16":{"start":{"line":41,"column":23},"end":{"line":47,"column":7}},"17":{"start":{"line":42,"column":27},"end":{"line":44,"column":14}},"18":{"start":{"line":46,"column":12},"end":{"line":46,"column":29}},"19":{"start":{"line":49,"column":26},"end":{"line":54,"column":7}},"20":{"start":{"line":51,"column":12},"end":{"line":51,"column":46}},"21":{"start":{"line":52,"column":12},"end":{"line":52,"column":62}},"22":{"start":{"line":53,"column":12},"end":{"line":53,"column":19}},"23":{"start":{"line":56,"column":26},"end":{"line":60,"column":7}},"24":{"start":{"line":57,"column":12},"end":{"line":57,"column":39}},"25":{"start":{"line":58,"column":12},"end":{"line":58,"column":60}},"26":{"start":{"line":59,"column":12},"end":{"line":59,"column":19}},"27":{"start":{"line":5,"column":0},"end":{"line":5,"column":13}}},"fnMap":{"0":{"name":"(anonymous_1)","decl":{"start":{"line":6,"column":22},"end":{"line":6,"column":27}},"loc":{"start":{"line":6,"column":60},"end":{"line":24,"column":7}}},"1":{"name":"(anonymous_2)","decl":{"start":{"line":26,"column":22},"end":{"line":26,"column":27}},"loc":{"start":{"line":26,"column":60},"end":{"line":39,"column":7}}},"2":{"name":"(anonymous_3)","decl":{"start":{"line":41,"column":23},"end":{"line":41,"column":28}},"loc":{"start":{"line":41,"column":61},"end":{"line":47,"column":7}}},"3":{"name":"(anonymous_4)","decl":{"start":{"line":49,"column":26},"end":{"line":49,"column":31}},"loc":{"start":{"line":49,"column":64},"end":{"line":54,"column":7}}},"4":{"name":"(anonymous_5)","decl":{"start":{"line":56,"column":26},"end":{"line":56,"column":31}},"loc":{"start":{"line":56,"column":64},"end":{"line":60,"column":7}}}},"branchMap":{},"s":{"0":2,"1":2,"2":2,"3":5,"4":5,"5":4,"6":1,"7":2,"8":2,"9":2,"10":1,"11":1,"12":1,"13":1,"14":1,"15":1,"16":2,"17":3,"18":3,"19":2,"20":1,"21":1,"22":1,"23":2,"24":1,"25":1,"26":1,"27":2},"f":{"0":5,"1":2,"2":3,"3":1,"4":1},"b":{}}
,"C:\\Users\\DANIEL\\Documents\\Curso_de_Udemy\\Curso_Juan_express_vite_nextjs\\cashtrackr\\backend\\src\\controllers\\ExpenseController.ts": {"path":"C:\\Users\\DANIEL\\Documents\\Curso_de_Udemy\\Curso_Juan_express_vite_nextjs\\cashtrackr\\backend\\src\\controllers\\ExpenseController.ts","statementMap":{"0":{"start":{"line":2,"column":0},"end":{"line":2,"column":50}},"1":{"start":{"line":6,"column":22},"end":{"line":19,"column":7}},"2":{"start":{"line":9,"column":12},"end":{"line":18,"column":13}},"3":{"start":{"line":11,"column":34},"end":{"line":11,"column":69}},"4":{"start":{"line":12,"column":18},"end":{"line":12,"column":51}},"5":{"start":{"line":13,"column":18},"end":{"line":13,"column":39}},"6":{"start":{"line":14,"column":18},"end":{"line":14,"column":71}},"7":{"start":{"line":17,"column":18},"end":{"line":17,"column":67}},"8":{"start":{"line":21,"column":23},"end":{"line":23,"column":7}},"9":{"start":{"line":22,"column":12},"end":{"line":22,"column":34}},"10":{"start":{"line":25,"column":26},"end":{"line":28,"column":7}},"11":{"start":{"line":26,"column":12},"end":{"line":26,"column":47}},"12":{"start":{"line":27,"column":12},"end":{"line":27,"column":51}},"13":{"start":{"line":30,"column":26},"end":{"line":33,"column":7}},"14":{"start":{"line":31,"column":12},"end":{"line":31,"column":40}},"15":{"start":{"line":32,"column":12},"end":{"line":32,"column":40}},"16":{"start":{"line":4,"column":0},"end":{"line":4,"column":13}}},"fnMap":{"0":{"name":"(anonymous_1)","decl":{"start":{"line":6,"column":22},"end":{"line":6,"column":27}},"loc":{"start":{"line":6,"column":60},"end":{"line":19,"column":7}}},"1":{"name":"(anonymous_2)","decl":{"start":{"line":21,"column":23},"end":{"line":21,"column":28}},"loc":{"start":{"line":21,"column":61},"end":{"line":23,"column":7}}},"2":{"name":"(anonymous_3)","decl":{"start":{"line":25,"column":26},"end":{"line":25,"column":31}},"loc":{"start":{"line":25,"column":64},"end":{"line":28,"column":7}}},"3":{"name":"(anonymous_4)","decl":{"start":{"line":30,"column":26},"end":{"line":30,"column":31}},"loc":{"start":{"line":30,"column":64},"end":{"line":33,"column":7}}}},"branchMap":{},"s":{"0":2,"1":2,"2":2,"3":2,"4":1,"5":1,"6":1,"7":1,"8":2,"9":1,"10":2,"11":1,"12":1,"13":2,"14":1,"15":1,"16":2},"f":{"0":2,"1":1,"2":1,"3":1},"b":{}}
,"C:\\Users\\DANIEL\\Documents\\Curso_de_Udemy\\Curso_Juan_express_vite_nextjs\\cashtrackr\\backend\\src\\email\\AuthEmail.ts": {"path":"C:\\Users\\DANIEL\\Documents\\Curso_de_Udemy\\Curso_Juan_express_vite_nextjs\\cashtrackr\\backend\\src\\email\\AuthEmail.ts","statementMap":{"0":{"start":{"line":1,"column":0},"end":{"line":1,"column":49}},"1":{"start":{"line":10,"column":37},"end":{"line":24,"column":7}},"2":{"start":{"line":12,"column":26},"end":{"line":22,"column":14}},"3":{"start":{"line":26,"column":38},"end":{"line":40,"column":7}},"4":{"start":{"line":28,"column":26},"end":{"line":38,"column":14}},"5":{"start":{"line":9,"column":0},"end":{"line":9,"column":13}}},"fnMap":{"0":{"name":"(anonymous_0)","decl":{"start":{"line":10,"column":37},"end":{"line":10,"column":42}},"loc":{"start":{"line":10,"column":63},"end":{"line":24,"column":7}}},"1":{"name":"(anonymous_1)","decl":{"start":{"line":26,"column":38},"end":{"line":26,"column":43}},"loc":{"start":{"line":26,"column":64},"end":{"line":40,"column":7}}}},"branchMap":{},"s":{"0":2,"1":2,"2":1,"3":2,"4":0,"5":2},"f":{"0":1,"1":0},"b":{}}
,"C:\\Users\\DANIEL\\Documents\\Curso_de_Udemy\\Curso_Juan_express_vite_nextjs\\cashtrackr\\backend\\src\\middleware\\auth.ts": {"path":"C:\\Users\\DANIEL\\Documents\\Curso_de_Udemy\\Curso_Juan_express_vite_nextjs\\cashtrackr\\backend\\src\\middleware\\auth.ts","statementMap":{"0":{"start":{"line":2,"column":0},"end":{"line":2,"column":31}},"1":{"start":{"line":3,"column":0},"end":{"line":3,"column":44}},"2":{"start":{"line":13,"column":28},"end":{"line":49,"column":1}},"3":{"start":{"line":14,"column":21},"end":{"line":14,"column":46}},"4":{"start":{"line":16,"column":6},"end":{"line":20,"column":7}},"5":{"start":{"line":17,"column":26},"end":{"line":17,"column":52}},"6":{"start":{"line":18,"column":12},"end":{"line":18,"column":59}},"7":{"start":{"line":19,"column":12},"end":{"line":19,"column":19}},"8":{"start":{"line":22,"column":24},"end":{"line":22,"column":41}},"9":{"start":{"line":24,"column":6},"end":{"line":28,"column":7}},"10":{"start":{"line":25,"column":26},"end":{"line":25,"column":54}},"11":{"start":{"line":26,"column":12},"end":{"line":26,"column":59}},"12":{"start":{"line":27,"column":12},"end":{"line":27,"column":19}},"13":{"start":{"line":34,"column":6},"end":{"line":48,"column":7}},"14":{"start":{"line":35,"column":28},"end":{"line":35,"column":69}},"15":{"start":{"line":37,"column":12},"end":{"line":43,"column":13}},"16":{"start":{"line":38,"column":18},"end":{"line":40,"column":21}},"17":{"start":{"line":42,"column":18},"end":{"line":42,"column":25}},"18":{"start":{"line":47,"column":12},"end":{"line":47,"column":63}},"19":{"start":{"line":13,"column":13},"end":{"line":13,"column":28}}},"fnMap":{"0":{"name":"(anonymous_1)","decl":{"start":{"line":13,"column":28},"end":{"line":13,"column":33}},"loc":{"start":{"line":13,"column":86},"end":{"line":49,"column":1}}}},"branchMap":{"0":{"loc":{"start":{"line":16,"column":6},"end":{"line":20,"column":7}},"type":"if","locations":[{"start":{"line":16,"column":6},"end":{"line":20,"column":7}}]},"1":{"loc":{"start":{"line":24,"column":6},"end":{"line":28,"column":7}},"type":"if","locations":[{"start":{"line":24,"column":6},"end":{"line":28,"column":7}}]},"2":{"loc":{"start":{"line":37,"column":12},"end":{"line":43,"column":13}},"type":"if","locations":[{"start":{"line":37,"column":12},"end":{"line":43,"column":13}}]},"3":{"loc":{"start":{"line":37,"column":16},"end":{"line":37,"column":57}},"type":"binary-expr","locations":[{"start":{"line":37,"column":16},"end":{"line":37,"column":43}},{"start":{"line":37,"column":47},"end":{"line":37,"column":57}}]}},"s":{"0":1,"1":1,"2":1,"3":14,"4":14,"5":5,"6":5,"7":5,"8":9,"9":9,"10":0,"11":0,"12":0,"13":9,"14":9,"15":8,"16":8,"17":8,"18":1,"19":1},"f":{"0":14},"b":{"0":[5],"1":[0],"2":[8],"3":[8,8]}}
,"C:\\Users\\DANIEL\\Documents\\Curso_de_Udemy\\Curso_Juan_express_vite_nextjs\\cashtrackr\\backend\\src\\middleware\\budget.ts": {"path":"C:\\Users\\DANIEL\\Documents\\Curso_de_Udemy\\Curso_Juan_express_vite_nextjs\\cashtrackr\\backend\\src\\middleware\\budget.ts","statementMap":{"0":{"start":{"line":2,"column":0},"end":{"line":2,"column":66}},"1":{"start":{"line":3,"column":0},"end":{"line":3,"column":48}},"2":{"start":{"line":13,"column":32},"end":{"line":26,"column":1}},"3":{"start":{"line":14,"column":6},"end":{"line":17,"column":22}},"4":{"start":{"line":16,"column":29},"end":{"line":16,"column":38}},"5":{"start":{"line":19,"column":19},"end":{"line":19,"column":40}},"6":{"start":{"line":20,"column":6},"end":{"line":23,"column":7}},"7":{"start":{"line":21,"column":12},"end":{"line":21,"column":null}},"8":{"start":{"line":22,"column":12},"end":{"line":22,"column":19}},"9":{"start":{"line":25,"column":6},"end":{"line":25,"column":13}},"10":{"start":{"line":13,"column":13},"end":{"line":13,"column":32}},"11":{"start":{"line":28,"column":35},"end":{"line":50,"column":1}},"12":{"start":{"line":29,"column":6},"end":{"line":47,"column":7}},"13":{"start":{"line":30,"column":33},"end":{"line":30,"column":43}},"14":{"start":{"line":31,"column":27},"end":{"line":31,"column":63}},"15":{"start":{"line":33,"column":12},"end":{"line":37,"column":13}},"16":{"start":{"line":34,"column":32},"end":{"line":34,"column":70}},"17":{"start":{"line":35,"column":18},"end":{"line":35,"column":65}},"18":{"start":{"line":36,"column":18},"end":{"line":36,"column":25}},"19":{"start":{"line":39,"column":12},"end":{"line":39,"column":32}},"20":{"start":{"line":41,"column":12},"end":{"line":41,"column":19}},"21":{"start":{"line":45,"column":12},"end":{"line":45,"column":61}},"22":{"start":{"line":46,"column":12},"end":{"line":46,"column":19}},"23":{"start":{"line":28,"column":13},"end":{"line":28,"column":35}},"24":{"start":{"line":52,"column":35},"end":{"line":61,"column":1}},"25":{"start":{"line":53,"column":6},"end":{"line":54,"column":92}},"26":{"start":{"line":55,"column":6},"end":{"line":58,"column":99}},"27":{"start":{"line":58,"column":29},"end":{"line":58,"column":38}},"28":{"start":{"line":60,"column":6},"end":{"line":60,"column":13}},"29":{"start":{"line":52,"column":13},"end":{"line":52,"column":35}},"30":{"start":{"line":63,"column":25},"end":{"line":76,"column":1}},"31":{"start":{"line":69,"column":6},"end":{"line":73,"column":7}},"32":{"start":{"line":70,"column":26},"end":{"line":70,"column":55}},"33":{"start":{"line":71,"column":12},"end":{"line":71,"column":59}},"34":{"start":{"line":72,"column":12},"end":{"line":72,"column":19}},"35":{"start":{"line":75,"column":6},"end":{"line":75,"column":13}},"36":{"start":{"line":63,"column":13},"end":{"line":63,"column":25}}},"fnMap":{"0":{"name":"(anonymous_1)","decl":{"start":{"line":13,"column":32},"end":{"line":13,"column":37}},"loc":{"start":{"line":13,"column":90},"end":{"line":26,"column":1}}},"1":{"name":"(anonymous_2)","decl":{"start":{"line":16,"column":20},"end":{"line":16,"column":25}},"loc":{"start":{"line":16,"column":29},"end":{"line":16,"column":38}}},"2":{"name":"(anonymous_3)","decl":{"start":{"line":28,"column":35},"end":{"line":28,"column":40}},"loc":{"start":{"line":28,"column":93},"end":{"line":50,"column":1}}},"3":{"name":"(anonymous_4)","decl":{"start":{"line":52,"column":35},"end":{"line":52,"column":40}},"loc":{"start":{"line":52,"column":93},"end":{"line":61,"column":1}}},"4":{"name":"(anonymous_5)","decl":{"start":{"line":58,"column":20},"end":{"line":58,"column":25}},"loc":{"start":{"line":58,"column":29},"end":{"line":58,"column":38}}},"5":{"name":"(anonymous_6)","decl":{"start":{"line":63,"column":25},"end":{"line":63,"column":26}},"loc":{"start":{"line":63,"column":77},"end":{"line":76,"column":1}}}},"branchMap":{"0":{"loc":{"start":{"line":20,"column":6},"end":{"line":23,"column":7}},"type":"if","locations":[{"start":{"line":20,"column":6},"end":{"line":23,"column":7}}]},"1":{"loc":{"start":{"line":33,"column":12},"end":{"line":37,"column":13}},"type":"if","locations":[{"start":{"line":33,"column":12},"end":{"line":37,"column":13}}]},"2":{"loc":{"start":{"line":69,"column":6},"end":{"line":73,"column":7}},"type":"if","locations":[{"start":{"line":69,"column":6},"end":{"line":73,"column":7}}]}},"s":{"0":3,"1":3,"2":3,"3":4,"4":4,"5":4,"6":4,"7":0,"8":0,"9":4,"10":3,"11":3,"12":7,"13":7,"14":7,"15":6,"16":5,"17":5,"18":5,"19":1,"20":1,"21":1,"22":1,"23":3,"24":3,"25":1,"26":1,"27":1,"28":1,"29":3,"30":3,"31":3,"32":2,"33":2,"34":2,"35":1,"36":3},"f":{"0":4,"1":4,"2":7,"3":1,"4":1,"5":3},"b":{"0":[0],"1":[5],"2":[2]}}
,"C:\\Users\\DANIEL\\Documents\\Curso_de_Udemy\\Curso_Juan_express_vite_nextjs\\cashtrackr\\backend\\src\\middleware\\expense.ts": {"path":"C:\\Users\\DANIEL\\Documents\\Curso_de_Udemy\\Curso_Juan_express_vite_nextjs\\cashtrackr\\backend\\src\\middleware\\expense.ts","statementMap":{"0":{"start":{"line":2,"column":0},"end":{"line":2,"column":66}},"1":{"start":{"line":3,"column":0},"end":{"line":3,"column":50}},"2":{"start":{"line":13,"column":36},"end":{"line":22,"column":1}},"3":{"start":{"line":14,"column":6},"end":{"line":15,"column":86}},"4":{"start":{"line":16,"column":6},"end":{"line":19,"column":93}},"5":{"start":{"line":19,"column":29},"end":{"line":19,"column":38}},"6":{"start":{"line":21,"column":6},"end":{"line":21,"column":13}},"7":{"start":{"line":13,"column":13},"end":{"line":13,"column":36}},"8":{"start":{"line":24,"column":33},"end":{"line":38,"column":1}},"9":{"start":{"line":25,"column":6},"end":{"line":29,"column":null}},"10":{"start":{"line":27,"column":29},"end":{"line":27,"column":38}},"11":{"start":{"line":31,"column":19},"end":{"line":31,"column":40}},"12":{"start":{"line":32,"column":6},"end":{"line":35,"column":7}},"13":{"start":{"line":33,"column":12},"end":{"line":33,"column":null}},"14":{"start":{"line":34,"column":12},"end":{"line":34,"column":19}},"15":{"start":{"line":37,"column":6},"end":{"line":37,"column":13}},"16":{"start":{"line":24,"column":13},"end":{"line":24,"column":33}},"17":{"start":{"line":40,"column":36},"end":{"line":61,"column":1}},"18":{"start":{"line":41,"column":6},"end":{"line":59,"column":7}},"19":{"start":{"line":42,"column":34},"end":{"line":42,"column":44}},"20":{"start":{"line":43,"column":28},"end":{"line":43,"column":66}},"21":{"start":{"line":45,"column":12},"end":{"line":49,"column":13}},"22":{"start":{"line":46,"column":32},"end":{"line":46,"column":64}},"23":{"start":{"line":47,"column":18},"end":{"line":47,"column":65}},"24":{"start":{"line":48,"column":18},"end":{"line":48,"column":25}},"25":{"start":{"line":51,"column":12},"end":{"line":51,"column":34}},"26":{"start":{"line":53,"column":12},"end":{"line":53,"column":19}},"27":{"start":{"line":57,"column":12},"end":{"line":57,"column":61}},"28":{"start":{"line":58,"column":12},"end":{"line":58,"column":19}},"29":{"start":{"line":40,"column":13},"end":{"line":40,"column":36}}},"fnMap":{"0":{"name":"(anonymous_1)","decl":{"start":{"line":13,"column":36},"end":{"line":13,"column":41}},"loc":{"start":{"line":13,"column":94},"end":{"line":22,"column":1}}},"1":{"name":"(anonymous_2)","decl":{"start":{"line":19,"column":20},"end":{"line":19,"column":25}},"loc":{"start":{"line":19,"column":29},"end":{"line":19,"column":38}}},"2":{"name":"(anonymous_3)","decl":{"start":{"line":24,"column":33},"end":{"line":24,"column":38}},"loc":{"start":{"line":24,"column":91},"end":{"line":38,"column":1}}},"3":{"name":"(anonymous_4)","decl":{"start":{"line":27,"column":20},"end":{"line":27,"column":25}},"loc":{"start":{"line":27,"column":29},"end":{"line":27,"column":38}}},"4":{"name":"(anonymous_5)","decl":{"start":{"line":40,"column":36},"end":{"line":40,"column":41}},"loc":{"start":{"line":40,"column":94},"end":{"line":61,"column":1}}}},"branchMap":{"0":{"loc":{"start":{"line":32,"column":6},"end":{"line":35,"column":7}},"type":"if","locations":[{"start":{"line":32,"column":6},"end":{"line":35,"column":7}}]},"1":{"loc":{"start":{"line":45,"column":12},"end":{"line":49,"column":13}},"type":"if","locations":[{"start":{"line":45,"column":12},"end":{"line":49,"column":13}}]}},"s":{"0":2,"1":2,"2":2,"3":0,"4":0,"5":0,"6":0,"7":2,"8":2,"9":0,"10":0,"11":0,"12":0,"13":0,"14":0,"15":0,"16":2,"17":2,"18":3,"19":3,"20":3,"21":2,"22":1,"23":1,"24":1,"25":1,"26":1,"27":1,"28":1,"29":2},"f":{"0":0,"1":0,"2":0,"3":0,"4":3},"b":{"0":[0],"1":[1]}}
,"C:\\Users\\DANIEL\\Documents\\Curso_de_Udemy\\Curso_Juan_express_vite_nextjs\\cashtrackr\\backend\\src\\middleware\\validation.ts": {"path":"C:\\Users\\DANIEL\\Documents\\Curso_de_Udemy\\Curso_Juan_express_vite_nextjs\\cashtrackr\\backend\\src\\middleware\\validation.ts","statementMap":{"0":{"start":{"line":2,"column":0},"end":{"line":2,"column":52}},"1":{"start":{"line":4,"column":33},"end":{"line":11,"column":1}},"2":{"start":{"line":5,"column":19},"end":{"line":5,"column":40}},"3":{"start":{"line":6,"column":6},"end":{"line":9,"column":7}},"4":{"start":{"line":7,"column":12},"end":{"line":7,"column":null}},"5":{"start":{"line":8,"column":12},"end":{"line":8,"column":19}},"6":{"start":{"line":10,"column":6},"end":{"line":10,"column":13}},"7":{"start":{"line":4,"column":13},"end":{"line":4,"column":33}}},"fnMap":{"0":{"name":"(anonymous_0)","decl":{"start":{"line":4,"column":33},"end":{"line":4,"column":34}},"loc":{"start":{"line":4,"column":85},"end":{"line":11,"column":1}}}},"branchMap":{"0":{"loc":{"start":{"line":6,"column":6},"end":{"line":9,"column":7}},"type":"if","locations":[{"start":{"line":6,"column":6},"end":{"line":9,"column":7}}]}},"s":{"0":1,"1":1,"2":22,"3":22,"4":7,"5":7,"6":15,"7":1},"f":{"0":22},"b":{"0":[7]}}
,"C:\\Users\\DANIEL\\Documents\\Curso_de_Udemy\\Curso_Juan_express_vite_nextjs\\cashtrackr\\backend\\src\\models\\BudgetModel.ts": {"path":"C:\\Users\\DANIEL\\Documents\\Curso_de_Udemy\\Curso_Juan_express_vite_nextjs\\cashtrackr\\backend\\src\\models\\BudgetModel.ts","statementMap":{"0":{"start":{"line":1,"column":0},"end":{"line":1,"column":113}},"1":{"start":{"line":2,"column":0},"end":{"line":2,"column":42}},"2":{"start":{"line":3,"column":0},"end":{"line":3,"column":36}},"3":{"start":{"line":9,"column":0},"end":{"line":35,"column":2}},"4":{"start":{"line":15,"column":14},"end":{"line":15,"column":null}},"5":{"start":{"line":21,"column":14},"end":{"line":21,"column":null}},"6":{"start":{"line":28,"column":14},"end":{"line":28,"column":null}},"7":{"start":{"line":23,"column":21},"end":{"line":23,"column":33}},"8":{"start":{"line":31,"column":14},"end":{"line":31,"column":null}},"9":{"start":{"line":30,"column":24},"end":{"line":30,"column":33}},"10":{"start":{"line":34,"column":14},"end":{"line":34,"column":null}},"11":{"start":{"line":33,"column":23},"end":{"line":33,"column":32}},"12":{"start":{"line":9,"column":6},"end":{"line":35,"column":2}},"13":{"start":{"line":37,"column":0},"end":{"line":37,"column":27}}},"fnMap":{"0":{"name":"(anonymous_3)","decl":{"start":{"line":23,"column":15},"end":{"line":23,"column":18}},"loc":{"start":{"line":23,"column":21},"end":{"line":23,"column":33}}},"1":{"name":"(anonymous_4)","decl":{"start":{"line":30,"column":18},"end":{"line":30,"column":21}},"loc":{"start":{"line":30,"column":24},"end":{"line":30,"column":33}}},"2":{"name":"(anonymous_5)","decl":{"start":{"line":33,"column":17},"end":{"line":33,"column":20}},"loc":{"start":{"line":33,"column":23},"end":{"line":33,"column":32}}}},"branchMap":{},"s":{"0":3,"1":3,"2":3,"3":3,"4":3,"5":3,"6":3,"7":2,"8":3,"9":2,"10":3,"11":2,"12":3,"13":3},"f":{"0":2,"1":2,"2":2},"b":{}}
,"C:\\Users\\DANIEL\\Documents\\Curso_de_Udemy\\Curso_Juan_express_vite_nextjs\\cashtrackr\\backend\\src\\models\\ExpenseModel.ts": {"path":"C:\\Users\\DANIEL\\Documents\\Curso_de_Udemy\\Curso_Juan_express_vite_nextjs\\cashtrackr\\backend\\src\\models\\ExpenseModel.ts","statementMap":{"0":{"start":{"line":1,"column":0},"end":{"line":1,"column":104}},"1":{"start":{"line":2,"column":0},"end":{"line":2,"column":40}},"2":{"start":{"line":8,"column":0},"end":{"line":27,"column":2}},"3":{"start":{"line":14,"column":14},"end":{"line":14,"column":null}},"4":{"start":{"line":20,"column":14},"end":{"line":20,"column":null}},"5":{"start":{"line":23,"column":14},"end":{"line":23,"column":null}},"6":{"start":{"line":22,"column":24},"end":{"line":22,"column":35}},"7":{"start":{"line":26,"column":14},"end":{"line":26,"column":null}},"8":{"start":{"line":25,"column":23},"end":{"line":25,"column":34}},"9":{"start":{"line":8,"column":6},"end":{"line":27,"column":2}},"10":{"start":{"line":29,"column":0},"end":{"line":29,"column":28}}},"fnMap":{"0":{"name":"(anonymous_3)","decl":{"start":{"line":22,"column":18},"end":{"line":22,"column":21}},"loc":{"start":{"line":22,"column":24},"end":{"line":22,"column":35}}},"1":{"name":"(anonymous_4)","decl":{"start":{"line":25,"column":17},"end":{"line":25,"column":20}},"loc":{"start":{"line":25,"column":23},"end":{"line":25,"column":34}}}},"branchMap":{},"s":{"0":3,"1":3,"2":3,"3":3,"4":3,"5":3,"6":2,"7":3,"8":2,"9":3,"10":3},"f":{"0":2,"1":2},"b":{}}
,"C:\\Users\\DANIEL\\Documents\\Curso_de_Udemy\\Curso_Juan_express_vite_nextjs\\cashtrackr\\backend\\src\\models\\UserModel.ts": {"path":"C:\\Users\\DANIEL\\Documents\\Curso_de_Udemy\\Curso_Juan_express_vite_nextjs\\cashtrackr\\backend\\src\\models\\UserModel.ts","statementMap":{"0":{"start":{"line":1,"column":0},"end":{"line":1,"column":107}},"1":{"start":{"line":2,"column":0},"end":{"line":2,"column":40}},"2":{"start":{"line":8,"column":0},"end":{"line":47,"column":2}},"3":{"start":{"line":14,"column":14},"end":{"line":14,"column":null}},"4":{"start":{"line":20,"column":14},"end":{"line":20,"column":null}},"5":{"start":{"line":28,"column":14},"end":{"line":28,"column":null}},"6":{"start":{"line":33,"column":14},"end":{"line":33,"column":null}},"7":{"start":{"line":40,"column":14},"end":{"line":40,"column":null}},"8":{"start":{"line":46,"column":14},"end":{"line":46,"column":null}},"9":{"start":{"line":42,"column":21},"end":{"line":42,"column":32}},"10":{"start":{"line":8,"column":6},"end":{"line":47,"column":2}},"11":{"start":{"line":49,"column":0},"end":{"line":49,"column":25}}},"fnMap":{"0":{"name":"(anonymous_3)","decl":{"start":{"line":42,"column":15},"end":{"line":42,"column":18}},"loc":{"start":{"line":42,"column":21},"end":{"line":42,"column":32}}}},"branchMap":{},"s":{"0":3,"1":3,"2":3,"3":3,"4":3,"5":3,"6":3,"7":3,"8":3,"9":2,"10":3,"11":3},"f":{"0":2},"b":{}}
,"C:\\Users\\DANIEL\\Documents\\Curso_de_Udemy\\Curso_Juan_express_vite_nextjs\\cashtrackr\\backend\\src\\routes\\authRouter.ts": {"path":"C:\\Users\\DANIEL\\Documents\\Curso_de_Udemy\\Curso_Juan_express_vite_nextjs\\cashtrackr\\backend\\src\\routes\\authRouter.ts","statementMap":{"0":{"start":{"line":1,"column":0},"end":{"line":1,"column":33}},"1":{"start":{"line":2,"column":0},"end":{"line":2,"column":63}},"2":{"start":{"line":3,"column":0},"end":{"line":3,"column":48}},"3":{"start":{"line":4,"column":0},"end":{"line":4,"column":61}},"4":{"start":{"line":5,"column":0},"end":{"line":5,"column":44}},"5":{"start":{"line":6,"column":0},"end":{"line":6,"column":50}},"6":{"start":{"line":8,"column":15},"end":{"line":8,"column":23}},"7":{"start":{"line":10,"column":0},"end":{"line":10,"column":20}},"8":{"start":{"line":12,"column":0},"end":{"line":21,"column":2}},"9":{"start":{"line":23,"column":0},"end":{"line":30,"column":2}},"10":{"start":{"line":32,"column":0},"end":{"line":41,"column":2}},"11":{"start":{"line":43,"column":0},"end":{"line":49,"column":2}},"12":{"start":{"line":51,"column":0},"end":{"line":58,"column":2}},"13":{"start":{"line":60,"column":0},"end":{"line":69,"column":2}},"14":{"start":{"line":71,"column":0},"end":{"line":74,"column":2}},"15":{"start":{"line":76,"column":0},"end":{"line":84,"column":2}},"16":{"start":{"line":86,"column":0},"end":{"line":92,"column":2}},"17":{"start":{"line":95,"column":0},"end":{"line":95,"column":null}}},"fnMap":{},"branchMap":{},"s":{"0":1,"1":1,"2":1,"3":1,"4":1,"5":1,"6":1,"7":1,"8":1,"9":1,"10":1,"11":1,"12":1,"13":1,"14":1,"15":1,"16":1,"17":1},"f":{},"b":{}}
,"C:\\Users\\DANIEL\\Documents\\Curso_de_Udemy\\Curso_Juan_express_vite_nextjs\\cashtrackr\\backend\\src\\routes\\budgetRouter.ts": {"path":"C:\\Users\\DANIEL\\Documents\\Curso_de_Udemy\\Curso_Juan_express_vite_nextjs\\cashtrackr\\backend\\src\\routes\\budgetRouter.ts","statementMap":{"0":{"start":{"line":1,"column":0},"end":{"line":1,"column":33}},"1":{"start":{"line":2,"column":0},"end":{"line":2,"column":67}},"2":{"start":{"line":4,"column":0},"end":{"line":4,"column":61}},"3":{"start":{"line":5,"column":0},"end":{"line":5,"column":109}},"4":{"start":{"line":6,"column":0},"end":{"line":6,"column":70}},"5":{"start":{"line":7,"column":0},"end":{"line":7,"column":102}},"6":{"start":{"line":8,"column":0},"end":{"line":8,"column":50}},"7":{"start":{"line":10,"column":15},"end":{"line":10,"column":23}},"8":{"start":{"line":14,"column":0},"end":{"line":14,"column":25}},"9":{"start":{"line":16,"column":0},"end":{"line":16,"column":43}},"10":{"start":{"line":17,"column":0},"end":{"line":17,"column":46}},"11":{"start":{"line":18,"column":0},"end":{"line":18,"column":36}},"12":{"start":{"line":20,"column":0},"end":{"line":20,"column":45}},"13":{"start":{"line":21,"column":0},"end":{"line":21,"column":48}},"14":{"start":{"line":23,"column":0},"end":{"line":23,"column":41}},"15":{"start":{"line":25,"column":0},"end":{"line":29,"column":2}},"16":{"start":{"line":31,"column":0},"end":{"line":31,"column":51}},"17":{"start":{"line":33,"column":0},"end":{"line":37,"column":2}},"18":{"start":{"line":39,"column":0},"end":{"line":39,"column":57}},"19":{"start":{"line":43,"column":0},"end":{"line":47,"column":2}},"20":{"start":{"line":48,"column":0},"end":{"line":48,"column":73}},"21":{"start":{"line":50,"column":0},"end":{"line":54,"column":2}},"22":{"start":{"line":56,"column":0},"end":{"line":56,"column":79}},"23":{"start":{"line":59,"column":0},"end":{"line":59,"column":22}}},"fnMap":{},"branchMap":{},"s":{"0":1,"1":1,"2":1,"3":1,"4":1,"5":1,"6":1,"7":1,"8":1,"9":1,"10":1,"11":1,"12":1,"13":1,"14":1,"15":1,"16":1,"17":1,"18":1,"19":1,"20":1,"21":1,"22":1,"23":1},"f":{},"b":{}}
,"C:\\Users\\DANIEL\\Documents\\Curso_de_Udemy\\Curso_Juan_express_vite_nextjs\\cashtrackr\\backend\\src\\tests\\mocks\\budgets.ts": {"path":"C:\\Users\\DANIEL\\Documents\\Curso_de_Udemy\\Curso_Juan_express_vite_nextjs\\cashtrackr\\backend\\src\\tests\\mocks\\budgets.ts","statementMap":{"0":{"start":{"line":1,"column":13},"end":{"line":71,"column":2}}},"fnMap":{},"branchMap":{},"s":{"0":3},"f":{},"b":{}}
,"C:\\Users\\DANIEL\\Documents\\Curso_de_Udemy\\Curso_Juan_express_vite_nextjs\\cashtrackr\\backend\\src\\tests\\mocks\\expenses.ts": {"path":"C:\\Users\\DANIEL\\Documents\\Curso_de_Udemy\\Curso_Juan_express_vite_nextjs\\cashtrackr\\backend\\src\\tests\\mocks\\expenses.ts","statementMap":{"0":{"start":{"line":1,"column":13},"end":{"line":26,"column":2}}},"fnMap":{},"branchMap":{},"s":{"0":2},"f":{},"b":{}}
,"C:\\Users\\DANIEL\\Documents\\Curso_de_Udemy\\Curso_Juan_express_vite_nextjs\\cashtrackr\\backend\\src\\utils\\auth.ts": {"path":"C:\\Users\\DANIEL\\Documents\\Curso_de_Udemy\\Curso_Juan_express_vite_nextjs\\cashtrackr\\backend\\src\\utils\\auth.ts","statementMap":{"0":{"start":{"line":1,"column":0},"end":{"line":1,"column":28}},"1":{"start":{"line":3,"column":28},"end":{"line":6,"column":1}},"2":{"start":{"line":4,"column":19},"end":{"line":4,"column":43}},"3":{"start":{"line":5,"column":6},"end":{"line":5,"column":47}},"4":{"start":{"line":3,"column":13},"end":{"line":3,"column":28}},"5":{"start":{"line":8,"column":29},"end":{"line":12,"column":1}},"6":{"start":{"line":11,"column":6},"end":{"line":11,"column":50}},"7":{"start":{"line":8,"column":13},"end":{"line":8,"column":29}}},"fnMap":{"0":{"name":"(anonymous_1)","decl":{"start":{"line":3,"column":28},"end":{"line":3,"column":33}},"loc":{"start":{"line":3,"column":55},"end":{"line":6,"column":1}}},"1":{"name":"(anonymous_2)","decl":{"start":{"line":8,"column":29},"end":{"line":8,"column":34}},"loc":{"start":{"line":8,"column":70},"end":{"line":12,"column":1}}}},"branchMap":{},"s":{"0":2,"1":2,"2":1,"3":1,"4":2,"5":2,"6":5,"7":2},"f":{"0":1,"1":5},"b":{}}
,"C:\\Users\\DANIEL\\Documents\\Curso_de_Udemy\\Curso_Juan_express_vite_nextjs\\cashtrackr\\backend\\src\\utils\\jwt.ts": {"path":"C:\\Users\\DANIEL\\Documents\\Curso_de_Udemy\\Curso_Juan_express_vite_nextjs\\cashtrackr\\backend\\src\\utils\\jwt.ts","statementMap":{"0":{"start":{"line":1,"column":0},"end":{"line":1,"column":31}},"1":{"start":{"line":3,"column":27},"end":{"line":9,"column":1}},"2":{"start":{"line":5,"column":20},"end":{"line":7,"column":8}},"3":{"start":{"line":8,"column":6},"end":{"line":8,"column":19}},"4":{"start":{"line":3,"column":13},"end":{"line":3,"column":27}}},"fnMap":{"0":{"name":"(anonymous_1)","decl":{"start":{"line":3,"column":27},"end":{"line":3,"column":28}},"loc":{"start":{"line":3,"column":50},"end":{"line":9,"column":1}}}},"branchMap":{},"s":{"0":2,"1":2,"2":5,"3":5,"4":2},"f":{"0":5},"b":{}}
,"C:\\Users\\DANIEL\\Documents\\Curso_de_Udemy\\Curso_Juan_express_vite_nextjs\\cashtrackr\\backend\\src\\utils\\token.ts": {"path":"C:\\Users\\DANIEL\\Documents\\Curso_de_Udemy\\Curso_Juan_express_vite_nextjs\\cashtrackr\\backend\\src\\utils\\token.ts","statementMap":{"0":{"start":{"line":1,"column":29},"end":{"line":1,"column":89}},"1":{"start":{"line":1,"column":35},"end":{"line":1,"column":89}},"2":{"start":{"line":1,"column":13},"end":{"line":1,"column":29}}},"fnMap":{"0":{"name":"(anonymous_0)","decl":{"start":{"line":1,"column":29},"end":{"line":1,"column":32}},"loc":{"start":{"line":1,"column":35},"end":{"line":1,"column":89}}}},"branchMap":{},"s":{"0":2,"1":1,"2":2},"f":{"0":1},"b":{}}
}
