TN:
SF:src\server.ts
FN:8,(anonymous_1)
FNF:1
FNH:1
FNDA:1,(anonymous_1)
DA:1,1
DA:2,1
DA:3,1
DA:4,1
DA:5,1
DA:6,1
DA:8,1
DA:9,1
DA:10,1
DA:11,1
DA:12,1
DA:14,0
DA:19,1
DA:21,1
DA:23,1
DA:25,1
DA:27,1
DA:28,1
DA:34,1
DA:37,1
LF:20
LH:19
BRF:0
BRH:0
end_of_record
TN:
SF:src\config\db.ts
FNF:0
FNH:0
DA:1,1
DA:2,1
DA:3,1
DA:6,1
LF:4
LH:4
BRF:0
BRH:0
end_of_record
TN:
SF:src\config\limiter.ts
FNF:0
FNH:0
DA:1,1
DA:3,1
LF:2
LH:2
BRDA:5,0,0,0
BRDA:5,0,1,1
BRF:2
BRH:1
end_of_record
TN:
SF:src\config\nodemailer.ts
FN:15,(anonymous_1)
FNF:1
FNH:1
FNDA:2,(anonymous_1)
DA:1,2
DA:2,2
DA:3,2
DA:15,2
DA:16,2
DA:26,2
LF:6
LH:6
BRF:0
BRH:0
end_of_record
TN:
SF:src\controllers\AuthController.ts
FN:10,(anonymous_1)
FN:51,(anonymous_2)
FN:68,(anonymous_3)
FN:107,(anonymous_4)
FN:131,(anonymous_5)
FN:144,(anonymous_6)
FN:164,(anonymous_7)
FN:169,(anonymous_8)
FN:190,(anonymous_9)
FNF:9
FNH:3
FNDA:5,(anonymous_1)
FNDA:2,(anonymous_2)
FNDA:14,(anonymous_3)
FNDA:0,(anonymous_4)
FNDA:0,(anonymous_5)
FNDA:0,(anonymous_6)
FNDA:0,(anonymous_7)
FNDA:0,(anonymous_8)
FNDA:0,(anonymous_9)
DA:2,2
DA:3,2
DA:4,2
DA:5,2
DA:6,2
DA:9,2
DA:10,2
DA:11,5
DA:15,5
DA:17,5
DA:18,3
DA:19,3
DA:20,3
DA:22,2
DA:24,2
DA:25,2
DA:27,2
DA:28,2
DA:30,2
DA:31,2
DA:34,2
DA:36,2
DA:42,2
DA:46,0
DA:51,2
DA:53,2
DA:55,2
DA:56,2
DA:57,1
DA:58,1
DA:59,1
DA:61,1
DA:62,1
DA:63,1
DA:65,1
DA:68,2
DA:70,14
DA:72,14
DA:76,14
DA:77,2
DA:78,2
DA:79,2
DA:84,12
DA:85,3
DA:86,3
DA:87,3
DA:92,9
DA:94,9
DA:95,2
DA:96,2
DA:97,2
DA:102,7
DA:104,7
DA:107,2
DA:108,0
DA:110,0
DA:114,0
DA:115,0
DA:116,0
DA:117,0
DA:119,0
DA:120,0
DA:122,0
DA:128,0
DA:131,2
DA:132,0
DA:134,0
DA:135,0
DA:136,0
DA:137,0
DA:138,0
DA:141,0
DA:144,2
DA:145,0
DA:146,0
DA:148,0
DA:149,0
DA:150,0
DA:151,0
DA:152,0
DA:157,0
DA:158,0
DA:159,0
DA:161,0
DA:164,2
DA:166,0
DA:169,2
DA:170,0
DA:171,0
DA:173,0
DA:175,0
DA:177,0
DA:178,0
DA:179,0
DA:180,0
DA:183,0
DA:184,0
DA:186,0
DA:190,2
DA:191,0
DA:192,0
DA:194,0
DA:196,0
DA:198,0
DA:199,0
DA:200,0
DA:201,0
DA:205,0
LF:108
LH:58
BRDA:17,0,0,3
BRDA:30,1,0,2
BRDA:56,2,0,1
BRDA:76,3,0,2
BRDA:84,4,0,3
BRDA:94,5,0,2
BRDA:114,6,0,0
BRDA:135,7,0,0
BRDA:149,8,0,0
BRDA:177,9,0,0
BRDA:198,10,0,0
BRF:11
BRH:6
end_of_record
TN:
SF:src\controllers\BudgetController.ts
FN:6,(anonymous_1)
FN:26,(anonymous_2)
FN:41,(anonymous_3)
FN:49,(anonymous_4)
FN:56,(anonymous_5)
FNF:5
FNH:5
FNDA:5,(anonymous_1)
FNDA:2,(anonymous_2)
FNDA:3,(anonymous_3)
FNDA:1,(anonymous_4)
FNDA:1,(anonymous_5)
DA:2,2
DA:3,2
DA:5,2
DA:6,2
DA:8,5
DA:9,5
DA:18,4
DA:22,1
DA:26,2
DA:27,2
DA:29,2
DA:30,1
DA:31,1
DA:32,1
DA:33,1
DA:36,1
DA:37,1
DA:41,2
DA:42,3
DA:46,3
DA:49,2
DA:51,1
DA:52,1
DA:53,1
DA:56,2
DA:57,1
DA:58,1
DA:59,1
LF:28
LH:28
BRF:0
BRH:0
end_of_record
TN:
SF:src\controllers\ExpenseController.ts
FN:6,(anonymous_1)
FN:21,(anonymous_2)
FN:25,(anonymous_3)
FN:30,(anonymous_4)
FNF:4
FNH:4
FNDA:2,(anonymous_1)
FNDA:1,(anonymous_2)
FNDA:1,(anonymous_3)
FNDA:1,(anonymous_4)
DA:2,2
DA:4,2
DA:6,2
DA:9,2
DA:11,2
DA:12,1
DA:13,1
DA:14,1
DA:17,1
DA:21,2
DA:22,1
DA:25,2
DA:26,1
DA:27,1
DA:30,2
DA:31,1
DA:32,1
LF:17
LH:17
BRF:0
BRH:0
end_of_record
TN:
SF:src\email\AuthEmail.ts
FN:10,(anonymous_0)
FN:26,(anonymous_1)
FNF:2
FNH:1
FNDA:1,(anonymous_0)
FNDA:0,(anonymous_1)
DA:1,2
DA:9,2
DA:10,2
DA:12,1
DA:26,2
DA:28,0
LF:6
LH:5
BRF:0
BRH:0
end_of_record
TN:
SF:src\middleware\auth.ts
FN:13,(anonymous_1)
FNF:1
FNH:1
FNDA:14,(anonymous_1)
DA:2,1
DA:3,1
DA:13,1
DA:14,14
DA:16,14
DA:17,5
DA:18,5
DA:19,5
DA:22,9
DA:24,9
DA:25,0
DA:26,0
DA:27,0
DA:34,9
DA:35,9
DA:37,8
DA:38,8
DA:42,8
DA:47,1
LF:19
LH:16
BRDA:16,0,0,5
BRDA:24,1,0,0
BRDA:37,2,0,8
BRDA:37,3,0,8
BRDA:37,3,1,8
BRF:5
BRH:4
end_of_record
TN:
SF:src\middleware\budget.ts
FN:13,(anonymous_1)
FN:16,(anonymous_2)
FN:28,(anonymous_3)
FN:52,(anonymous_4)
FN:58,(anonymous_5)
FN:63,(anonymous_6)
FNF:6
FNH:6
FNDA:4,(anonymous_1)
FNDA:4,(anonymous_2)
FNDA:7,(anonymous_3)
FNDA:1,(anonymous_4)
FNDA:1,(anonymous_5)
FNDA:3,(anonymous_6)
DA:2,3
DA:3,3
DA:13,3
DA:14,4
DA:16,4
DA:19,4
DA:20,4
DA:21,0
DA:22,0
DA:25,4
DA:28,3
DA:29,7
DA:30,7
DA:31,7
DA:33,6
DA:34,5
DA:35,5
DA:36,5
DA:39,1
DA:41,1
DA:45,1
DA:46,1
DA:52,3
DA:53,1
DA:55,1
DA:58,1
DA:60,1
DA:63,3
DA:69,3
DA:70,2
DA:71,2
DA:72,2
DA:75,1
LF:33
LH:31
BRDA:20,0,0,0
BRDA:33,1,0,5
BRDA:69,2,0,2
BRF:3
BRH:2
end_of_record
TN:
SF:src\middleware\expense.ts
FN:13,(anonymous_1)
FN:19,(anonymous_2)
FN:24,(anonymous_3)
FN:27,(anonymous_4)
FN:40,(anonymous_5)
FNF:5
FNH:1
FNDA:0,(anonymous_1)
FNDA:0,(anonymous_2)
FNDA:0,(anonymous_3)
FNDA:0,(anonymous_4)
FNDA:3,(anonymous_5)
DA:2,2
DA:3,2
DA:13,2
DA:14,0
DA:16,0
DA:19,0
DA:21,0
DA:24,2
DA:25,0
DA:27,0
DA:31,0
DA:32,0
DA:33,0
DA:34,0
DA:37,0
DA:40,2
DA:41,3
DA:42,3
DA:43,3
DA:45,2
DA:46,1
DA:47,1
DA:48,1
DA:51,1
DA:53,1
DA:57,1
DA:58,1
LF:27
LH:16
BRDA:32,0,0,0
BRDA:45,1,0,1
BRF:2
BRH:1
end_of_record
TN:
SF:src\middleware\validation.ts
FN:4,(anonymous_0)
FNF:1
FNH:1
FNDA:22,(anonymous_0)
DA:2,1
DA:4,1
DA:5,22
DA:6,22
DA:7,7
DA:8,7
DA:10,15
LF:7
LH:7
BRDA:6,0,0,7
BRF:1
BRH:1
end_of_record
TN:
SF:src\models\BudgetModel.ts
FN:23,(anonymous_3)
FN:30,(anonymous_4)
FN:33,(anonymous_5)
FNF:3
FNH:3
FNDA:2,(anonymous_3)
FNDA:2,(anonymous_4)
FNDA:2,(anonymous_5)
DA:1,3
DA:2,3
DA:3,3
DA:9,3
DA:15,3
DA:21,3
DA:23,2
DA:28,3
DA:30,2
DA:31,3
DA:33,2
DA:34,3
DA:37,3
LF:13
LH:13
BRF:0
BRH:0
end_of_record
TN:
SF:src\models\ExpenseModel.ts
FN:22,(anonymous_3)
FN:25,(anonymous_4)
FNF:2
FNH:2
FNDA:2,(anonymous_3)
FNDA:2,(anonymous_4)
DA:1,3
DA:2,3
DA:8,3
DA:14,3
DA:20,3
DA:22,2
DA:23,3
DA:25,2
DA:26,3
DA:29,3
LF:10
LH:10
BRF:0
BRH:0
end_of_record
TN:
SF:src\models\UserModel.ts
FN:42,(anonymous_3)
FNF:1
FNH:1
FNDA:2,(anonymous_3)
DA:1,3
DA:2,3
DA:8,3
DA:14,3
DA:20,3
DA:28,3
DA:33,3
DA:40,3
DA:42,2
DA:46,3
DA:49,3
LF:11
LH:11
BRF:0
BRH:0
end_of_record
TN:
SF:src\routes\authRouter.ts
FNF:0
FNH:0
DA:1,1
DA:2,1
DA:3,1
DA:4,1
DA:5,1
DA:6,1
DA:8,1
DA:10,1
DA:12,1
DA:23,1
DA:32,1
DA:43,1
DA:51,1
DA:60,1
DA:71,1
DA:76,1
DA:86,1
DA:95,1
LF:18
LH:18
BRF:0
BRH:0
end_of_record
TN:
SF:src\routes\budgetRouter.ts
FNF:0
FNH:0
DA:1,1
DA:2,1
DA:4,1
DA:5,1
DA:6,1
DA:7,1
DA:8,1
DA:10,1
DA:14,1
DA:16,1
DA:17,1
DA:18,1
DA:20,1
DA:21,1
DA:23,1
DA:25,1
DA:31,1
DA:33,1
DA:39,1
DA:43,1
DA:48,1
DA:50,1
DA:56,1
DA:59,1
LF:24
LH:24
BRF:0
BRH:0
end_of_record
TN:
SF:src\tests\mocks\budgets.ts
FNF:0
FNH:0
DA:1,3
LF:1
LH:1
BRF:0
BRH:0
end_of_record
TN:
SF:src\tests\mocks\expenses.ts
FNF:0
FNH:0
DA:1,2
LF:1
LH:1
BRF:0
BRH:0
end_of_record
TN:
SF:src\utils\auth.ts
FN:3,(anonymous_1)
FN:8,(anonymous_2)
FNF:2
FNH:2
FNDA:1,(anonymous_1)
FNDA:5,(anonymous_2)
DA:1,2
DA:3,2
DA:4,1
DA:5,1
DA:8,2
DA:11,5
LF:6
LH:6
BRF:0
BRH:0
end_of_record
TN:
SF:src\utils\jwt.ts
FN:3,(anonymous_1)
FNF:1
FNH:1
FNDA:5,(anonymous_1)
DA:1,2
DA:3,2
DA:5,5
DA:8,5
LF:4
LH:4
BRF:0
BRH:0
end_of_record
TN:
SF:src\utils\token.ts
FN:1,(anonymous_0)
FNF:1
FNH:1
FNDA:1,(anonymous_0)
DA:1,2
LF:1
LH:1
BRF:0
BRH:0
end_of_record
